# JRE version: OpenJDK Runtime Environment (7.0_65-b32) (build 1.7.0_65-b32)
# Java VM: OpenJDK 64-Bit Server VM (24.65-b04 mixed mode linux-amd64 compressed oops)
Heap
 def new generation   total 16704K, used 388K [0x00000000bf200000, 0x00000000c0420000, 0x00000000d14a0000)
  eden space 14848K,   2% used [0x00000000bf200000, 0x00000000bf24a998, 0x00000000c0080000)
  from space 1856K,   4% used [0x00000000c0080000, 0x00000000c0096988, 0x00000000c0250000)
  to   space 1856K,   0% used [0x00000000c0250000, 0x00000000c0250000, 0x00000000c0420000)
 tenured generation   total 37184K, used 8100K [0x00000000d14a0000, 0x00000000d38f0000, 0x00000000f5a00000)
   the space 37184K,  21% used [0x00000000d14a0000, 0x00000000d1c891a0, 0x00000000d1c89200, 0x00000000d38f0000)
 compacting perm gen  total 21248K, used 6169K [0x00000000f5a00000, 0x00000000f6ec0000, 0x0000000100000000)
   the space 21248K,  29% used [0x00000000f5a00000, 0x00000000f60064d0, 0x00000000f6006600, 0x00000000f6ec0000)
GC Heap History (10 events):
Event: 19298.045 GC heap before
{Heap before GC invocations=1121 (full 0):
 def new generation   total 16704K, used 14877K [0x00000000bf200000, 0x00000000c0420000, 0x00000000d14a0000)
  eden space 14848K, 100% used [0x00000000bf200000, 0x00000000c0080000, 0x00000000c0080000)
  from space 1856K,   1% used [0x00000000c0250000, 0x00000000c0257720, 0x00000000c0420000)
  to   space 1856K,   0% used [0x00000000c0080000, 0x00000000c0080000, 0x00000000c0250000)
 tenured generation   total 37184K, used 8094K [0x00000000d14a0000, 0x00000000d38f0000, 0x00000000f5a00000)
   the space 37184K,  21% used [0x00000000d14a0000, 0x00000000d1c87880, 0x00000000d1c87a00, 0x00000000d38f0000)
 compacting perm gen  total 21248K, used 6169K [0x00000000f5a00000, 0x00000000f6ec0000, 0x0000000100000000)
   the space 21248K,  29% used [0x00000000f5a00000, 0x00000000f60064d0, 0x00000000f6006600, 0x00000000f6ec0000)
No shared spaces configured.
Event: 19298.045 GC heap after
Heap after GC invocations=1122 (full 0):
 def new generation   total 16704K, used 48K [0x00000000bf200000, 0x00000000c0420000, 0x00000000d14a0000)
  eden space 14848K,   0% used [0x00000000bf200000, 0x00000000bf200000, 0x00000000c0080000)
  from space 1856K,   2% used [0x00000000c0080000, 0x00000000c008c068, 0x00000000c0250000)
  to   space 1856K,   0% used [0x00000000c0250000, 0x00000000c0250000, 0x00000000c0420000)
 tenured generation   total 37184K, used 8094K [0x00000000d14a0000, 0x00000000d38f0000, 0x00000000f5a00000)
   the space 37184K,  21% used [0x00000000d14a0000, 0x00000000d1c87880, 0x00000000d1c87a00, 0x00000000d38f0000)
 compacting perm gen  total 21248K, used 6169K [0x00000000f5a00000, 0x00000000f6ec0000, 0x0000000100000000)
   the space 21248K,  29% used [0x00000000f5a00000, 0x00000000f60064d0, 0x00000000f6006600, 0x00000000f6ec0000)
No shared spaces configured.
}
Event: 19313.577 GC heap before
{Heap before GC invocations=1122 (full 0):
 def new generation   total 16704K, used 14896K [0x00000000bf200000, 0x00000000c0420000, 0x00000000d14a0000)
  eden space 14848K, 100% used [0x00000000bf200000, 0x00000000c0080000, 0x00000000c0080000)
  from space 1856K,   2% used [0x00000000c0080000, 0x00000000c008c068, 0x00000000c0250000)
  to   space 1856K,   0% used [0x00000000c0250000, 0x00000000c0250000, 0x00000000c0420000)
 tenured generation   total 37184K, used 8094K [0x00000000d14a0000, 0x00000000d38f0000, 0x00000000f5a00000)
   the space 37184K,  21% used [0x00000000d14a0000, 0x00000000d1c87880, 0x00000000d1c87a00, 0x00000000d38f0000)
 compacting perm gen  total 21248K, used 6169K [0x00000000f5a00000, 0x00000000f6ec0000, 0x0000000100000000)
   the space 21248K,  29% used [0x00000000f5a00000, 0x00000000f60064d0, 0x00000000f6006600, 0x00000000f6ec0000)
No shared spaces configured.
Event: 19313.579 GC heap after
Heap after GC invocations=1123 (full 0):
 def new generation   total 16704K, used 59K [0x00000000bf200000, 0x00000000c0420000, 0x00000000d14a0000)
  eden space 14848K,   0% used [0x00000000bf200000, 0x00000000bf200000, 0x00000000c0080000)
  from space 1856K,   3% used [0x00000000c0250000, 0x00000000c025ecd8, 0x00000000c0420000)
  to   space 1856K,   0% used [0x00000000c0080000, 0x00000000c0080000, 0x00000000c0250000)
 tenured generation   total 37184K, used 8095K [0x00000000d14a0000, 0x00000000d38f0000, 0x00000000f5a00000)
   the space 37184K,  21% used [0x00000000d14a0000, 0x00000000d1c87c90, 0x00000000d1c87e00, 0x00000000d38f0000)
 compacting perm gen  total 21248K, used 6169K [0x00000000f5a00000, 0x00000000f6ec0000, 0x0000000100000000)
   the space 21248K,  29% used [0x00000000f5a00000, 0x00000000f60064d0, 0x00000000f6006600, 0x00000000f6ec0000)
No shared spaces configured.
}
Event: 19329.388 GC heap before
{Heap before GC invocations=1123 (full 0):
 def new generation   total 16704K, used 14907K [0x00000000bf200000, 0x00000000c0420000, 0x00000000d14a0000)
  eden space 14848K, 100% used [0x00000000bf200000, 0x00000000c0080000, 0x00000000c0080000)
  from space 1856K,   3% used [0x00000000c0250000, 0x00000000c025ecd8, 0x00000000c0420000)
  to   space 1856K,   0% used [0x00000000c0080000, 0x00000000c0080000, 0x00000000c0250000)
 tenured generation   total 37184K, used 8095K [0x00000000d14a0000, 0x00000000d38f0000, 0x00000000f5a00000)
   the space 37184K,  21% used [0x00000000d14a0000, 0x00000000d1c87c90, 0x00000000d1c87e00, 0x00000000d38f0000)
 compacting perm gen  total 21248K, used 6169K [0x00000000f5a00000, 0x00000000f6ec0000, 0x0000000100000000)
   the space 21248K,  29% used [0x00000000f5a00000, 0x00000000f60064d0, 0x00000000f6006600, 0x00000000f6ec0000)
No shared spaces configured.
Event: 19329.388 GC heap after
Heap after GC invocations=1124 (full 0):
 def new generation   total 16704K, used 33K [0x00000000bf200000, 0x00000000c0420000, 0x00000000d14a0000)
  eden space 14848K,   0% used [0x00000000bf200000, 0x00000000bf200000, 0x00000000c0080000)
  from space 1856K,   1% used [0x00000000c0080000, 0x00000000c00887e0, 0x00000000c0250000)
  to   space 1856K,   0% used [0x00000000c0250000, 0x00000000c0250000, 0x00000000c0420000)
 tenured generation   total 37184K, used 8095K [0x00000000d14a0000, 0x00000000d38f0000, 0x00000000f5a00000)
   the space 37184K,  21% used [0x00000000d14a0000, 0x00000000d1c87c90, 0x00000000d1c87e00, 0x00000000d38f0000)
 compacting perm gen  total 21248K, used 6169K [0x00000000f5a00000, 0x00000000f6ec0000, 0x0000000100000000)
   the space 21248K,  29% used [0x00000000f5a00000, 0x00000000f60064d0, 0x00000000f6006600, 0x00000000f6ec0000)
No shared spaces configured.
}
Event: 19344.879 GC heap before
{Heap before GC invocations=1124 (full 0):
 def new generation   total 16704K, used 14881K [0x00000000bf200000, 0x00000000c0420000, 0x00000000d14a0000)
  eden space 14848K, 100% used [0x00000000bf200000, 0x00000000c0080000, 0x00000000c0080000)
  from space 1856K,   1% used [0x00000000c0080000, 0x00000000c00887e0, 0x00000000c0250000)
  to   space 1856K,   0% used [0x00000000c0250000, 0x00000000c0250000, 0x00000000c0420000)
 tenured generation   total 37184K, used 8095K [0x00000000d14a0000, 0x00000000d38f0000, 0x00000000f5a00000)
   the space 37184K,  21% used [0x00000000d14a0000, 0x00000000d1c87c90, 0x00000000d1c87e00, 0x00000000d38f0000)
 compacting perm gen  total 21248K, used 6169K [0x00000000f5a00000, 0x00000000f6ec0000, 0x0000000100000000)
   the space 21248K,  29% used [0x00000000f5a00000, 0x00000000f60064d0, 0x00000000f6006600, 0x00000000f6ec0000)
No shared spaces configured.
Event: 19344.879 GC heap after
Heap after GC invocations=1125 (full 0):
 def new generation   total 16704K, used 41K [0x00000000bf200000, 0x00000000c0420000, 0x00000000d14a0000)
  eden space 14848K,   0% used [0x00000000bf200000, 0x00000000bf200000, 0x00000000c0080000)
  from space 1856K,   2% used [0x00000000c0250000, 0x00000000c025a4e0, 0x00000000c0420000)
  to   space 1856K,   0% used [0x00000000c0080000, 0x00000000c0080000, 0x00000000c0250000)
 tenured generation   total 37184K, used 8097K [0x00000000d14a0000, 0x00000000d38f0000, 0x00000000f5a00000)
   the space 37184K,  21% used [0x00000000d14a0000, 0x00000000d1c88510, 0x00000000d1c88600, 0x00000000d38f0000)
 compacting perm gen  total 21248K, used 6169K [0x00000000f5a00000, 0x00000000f6ec0000, 0x0000000100000000)
   the space 21248K,  29% used [0x00000000f5a00000, 0x00000000f60064d0, 0x00000000f6006600, 0x00000000f6ec0000)
No shared spaces configured.
}
Event: 19360.838 GC heap before
{Heap before GC invocations=1125 (full 0):
 def new generation   total 16704K, used 14889K [0x00000000bf200000, 0x00000000c0420000, 0x00000000d14a0000)
  eden space 14848K, 100% used [0x00000000bf200000, 0x00000000c0080000, 0x00000000c0080000)
  from space 1856K,   2% used [0x00000000c0250000, 0x00000000c025a4e0, 0x00000000c0420000)
  to   space 1856K,   0% used [0x00000000c0080000, 0x00000000c0080000, 0x00000000c0250000)
 tenured generation   total 37184K, used 8097K [0x00000000d14a0000, 0x00000000d38f0000, 0x00000000f5a00000)
   the space 37184K,  21% used [0x00000000d14a0000, 0x00000000d1c88510, 0x00000000d1c88600, 0x00000000d38f0000)
 compacting perm gen  total 21248K, used 6169K [0x00000000f5a00000, 0x00000000f6ec0000, 0x0000000100000000)
   the space 21248K,  29% used [0x00000000f5a00000, 0x00000000f60064d0, 0x00000000f6006600, 0x00000000f6ec0000)
No shared spaces configured.
Event: 19360.838 GC heap after
Heap after GC invocations=1126 (full 0):
 def new generation   total 16704K, used 90K [0x00000000bf200000, 0x00000000c0420000, 0x00000000d14a0000)
  eden space 14848K,   0% used [0x00000000bf200000, 0x00000000bf200000, 0x00000000c0080000)
  from space 1856K,   4% used [0x00000000c0080000, 0x00000000c0096988, 0x00000000c0250000)
  to   space 1856K,   0% used [0x00000000c0250000, 0x00000000c0250000, 0x00000000c0420000)
 tenured generation   total 37184K, used 8100K [0x00000000d14a0000, 0x00000000d38f0000, 0x00000000f5a00000)
   the space 37184K,  21% used [0x00000000d14a0000, 0x00000000d1c891a0, 0x00000000d1c89200, 0x00000000d38f0000)
 compacting perm gen  total 21248K, used 6169K [0x00000000f5a00000, 0x00000000f6ec0000, 0x0000000100000000)
   the space 21248K,  29% used [0x00000000f5a00000, 0x00000000f60064d0, 0x00000000f6006600, 0x00000000f6ec0000)
No shared spaces configured.
}

