# JRE version: OpenJDK Runtime Environment (7.0_65-b32) (build 1.7.0_65-b32)
# Java VM: OpenJDK 64-Bit Server VM (24.65-b04 mixed mode linux-amd64 compressed oops)
Heap
 def new generation   total 33024K, used 4237K [0x00000000b7c00000, 0x00000000b9fd0000, 0x00000000cc600000)
  eden space 29376K,   2% used [0x00000000b7c00000, 0x00000000b7c93638, 0x00000000b98b0000)
  from space 3648K, 100% used [0x00000000b98b0000, 0x00000000b9c40000, 0x00000000b9c40000)
  to   space 3648K,   0% used [0x00000000b9c40000, 0x00000000b9c40000, 0x00000000b9fd0000)
 tenured generation   total 73244K, used 51330K [0x00000000cc600000, 0x00000000d0d87000, 0x00000000f5a00000)
   the space 73244K,  70% used [0x00000000cc600000, 0x00000000cf820b00, 0x00000000cf820c00, 0x00000000d0d87000)
 compacting perm gen  total 21248K, used 6907K [0x00000000f5a00000, 0x00000000f6ec0000, 0x0000000100000000)
   the space 21248K,  32% used [0x00000000f5a00000, 0x00000000f60befc0, 0x00000000f60bf000, 0x00000000f6ec0000)
GC Heap History (10 events):
Event: 1652.553 GC heap before
{Heap before GC invocations=44 (full 6):
 def new generation   total 33024K, used 33023K [0x00000000b7c00000, 0x00000000b9fd0000, 0x00000000cc600000)
  eden space 29376K, 100% used [0x00000000b7c00000, 0x00000000b98b0000, 0x00000000b98b0000)
  from space 3648K,  99% used [0x00000000b9c40000, 0x00000000b9fcfff8, 0x00000000b9fd0000)
  to   space 3648K,   0% used [0x00000000b98b0000, 0x00000000b98b0000, 0x00000000b9c40000)
 tenured generation   total 73244K, used 66672K [0x00000000cc600000, 0x00000000d0d87000, 0x00000000f5a00000)
   the space 73244K,  91% used [0x00000000cc600000, 0x00000000d071c250, 0x00000000d071c400, 0x00000000d0d87000)
 compacting perm gen  total 21248K, used 6888K [0x00000000f5a00000, 0x00000000f6ec0000, 0x0000000100000000)
   the space 21248K,  32% used [0x00000000f5a00000, 0x00000000f60ba3b0, 0x00000000f60ba400, 0x00000000f6ec0000)
No shared spaces configured.
Event: 1652.707 GC heap after
Heap after GC invocations=45 (full 7):
 def new generation   total 33024K, used 0K [0x00000000b7c00000, 0x00000000b9fd0000, 0x00000000cc600000)
  eden space 29376K,   0% used [0x00000000b7c00000, 0x00000000b7c00000, 0x00000000b98b0000)
  from space 3648K,   0% used [0x00000000b98b0000, 0x00000000b98b0000, 0x00000000b9c40000)
  to   space 3648K,   0% used [0x00000000b9c40000, 0x00000000b9c40000, 0x00000000b9fd0000)
 tenured generation   total 73244K, used 23143K [0x00000000cc600000, 0x00000000d0d87000, 0x00000000f5a00000)
   the space 73244K,  31% used [0x00000000cc600000, 0x00000000cdc99d90, 0x00000000cdc99e00, 0x00000000d0d87000)
 compacting perm gen  total 21248K, used 6888K [0x00000000f5a00000, 0x00000000f6ec0000, 0x0000000100000000)
   the space 21248K,  32% used [0x00000000f5a00000, 0x00000000f60ba3b0, 0x00000000f60ba400, 0x00000000f6ec0000)
No shared spaces configured.
}
Event: 1676.395 GC heap before
{Heap before GC invocations=45 (full 7):
 def new generation   total 33024K, used 29376K [0x00000000b7c00000, 0x00000000b9fd0000, 0x00000000cc600000)
  eden space 29376K, 100% used [0x00000000b7c00000, 0x00000000b98b0000, 0x00000000b98b0000)
  from space 3648K,   0% used [0x00000000b98b0000, 0x00000000b98b0000, 0x00000000b9c40000)
  to   space 3648K,   0% used [0x00000000b9c40000, 0x00000000b9c40000, 0x00000000b9fd0000)
 tenured generation   total 73244K, used 23143K [0x00000000cc600000, 0x00000000d0d87000, 0x00000000f5a00000)
   the space 73244K,  31% used [0x00000000cc600000, 0x00000000cdc99d90, 0x00000000cdc99e00, 0x00000000d0d87000)
 compacting perm gen  total 21248K, used 6888K [0x00000000f5a00000, 0x00000000f6ec0000, 0x0000000100000000)
   the space 21248K,  32% used [0x00000000f5a00000, 0x00000000f60ba3b0, 0x00000000f60ba400, 0x00000000f6ec0000)
No shared spaces configured.
Event: 1676.437 GC heap after
Heap after GC invocations=46 (full 7):
 def new generation   total 33024K, used 3648K [0x00000000b7c00000, 0x00000000b9fd0000, 0x00000000cc600000)
  eden space 29376K,   0% used [0x00000000b7c00000, 0x00000000b7c00000, 0x00000000b98b0000)
  from space 3648K, 100% used [0x00000000b9c40000, 0x00000000b9fd0000, 0x00000000b9fd0000)
  to   space 3648K,   0% used [0x00000000b98b0000, 0x00000000b98b0000, 0x00000000b9c40000)
 tenured generation   total 73244K, used 30188K [0x00000000cc600000, 0x00000000d0d87000, 0x00000000f5a00000)
   the space 73244K,  41% used [0x00000000cc600000, 0x00000000ce37b1b0, 0x00000000ce37b200, 0x00000000d0d87000)
 compacting perm gen  total 21248K, used 6888K [0x00000000f5a00000, 0x00000000f6ec0000, 0x0000000100000000)
   the space 21248K,  32% used [0x00000000f5a00000, 0x00000000f60ba3b0, 0x00000000f60ba400, 0x00000000f6ec0000)
No shared spaces configured.
}
Event: 1700.259 GC heap before
{Heap before GC invocations=46 (full 7):
 def new generation   total 33024K, used 33024K [0x00000000b7c00000, 0x00000000b9fd0000, 0x00000000cc600000)
  eden space 29376K, 100% used [0x00000000b7c00000, 0x00000000b98b0000, 0x00000000b98b0000)
  from space 3648K, 100% used [0x00000000b9c40000, 0x00000000b9fd0000, 0x00000000b9fd0000)
  to   space 3648K,   0% used [0x00000000b98b0000, 0x00000000b98b0000, 0x00000000b9c40000)
 tenured generation   total 73244K, used 30188K [0x00000000cc600000, 0x00000000d0d87000, 0x00000000f5a00000)
   the space 73244K,  41% used [0x00000000cc600000, 0x00000000ce37b1b0, 0x00000000ce37b200, 0x00000000d0d87000)
 compacting perm gen  total 21248K, used 6895K [0x00000000f5a00000, 0x00000000f6ec0000, 0x0000000100000000)
   the space 21248K,  32% used [0x00000000f5a00000, 0x00000000f60bbcf8, 0x00000000f60bbe00, 0x00000000f6ec0000)
No shared spaces configured.
Event: 1700.290 GC heap after
Heap after GC invocations=47 (full 7):
 def new generation   total 33024K, used 3648K [0x00000000b7c00000, 0x00000000b9fd0000, 0x00000000cc600000)
  eden space 29376K,   0% used [0x00000000b7c00000, 0x00000000b7c00000, 0x00000000b98b0000)
  from space 3648K, 100% used [0x00000000b98b0000, 0x00000000b9c40000, 0x00000000b9c40000)
  to   space 3648K,   0% used [0x00000000b9c40000, 0x00000000b9c40000, 0x00000000b9fd0000)
 tenured generation   total 73244K, used 37302K [0x00000000cc600000, 0x00000000d0d87000, 0x00000000f5a00000)
   the space 73244K,  50% used [0x00000000cc600000, 0x00000000cea6d9e0, 0x00000000cea6da00, 0x00000000d0d87000)
 compacting perm gen  total 21248K, used 6895K [0x00000000f5a00000, 0x00000000f6ec0000, 0x0000000100000000)
   the space 21248K,  32% used [0x00000000f5a00000, 0x00000000f60bbcf8, 0x00000000f60bbe00, 0x00000000f6ec0000)
No shared spaces configured.
}
Event: 1723.249 GC heap before
{Heap before GC invocations=47 (full 7):
 def new generation   total 33024K, used 33024K [0x00000000b7c00000, 0x00000000b9fd0000, 0x00000000cc600000)
  eden space 29376K, 100% used [0x00000000b7c00000, 0x00000000b98b0000, 0x00000000b98b0000)
  from space 3648K, 100% used [0x00000000b98b0000, 0x00000000b9c40000, 0x00000000b9c40000)
  to   space 3648K,   0% used [0x00000000b9c40000, 0x00000000b9c40000, 0x00000000b9fd0000)
 tenured generation   total 73244K, used 37302K [0x00000000cc600000, 0x00000000d0d87000, 0x00000000f5a00000)
   the space 73244K,  50% used [0x00000000cc600000, 0x00000000cea6d9e0, 0x00000000cea6da00, 0x00000000d0d87000)
 compacting perm gen  total 21248K, used 6899K [0x00000000f5a00000, 0x00000000f6ec0000, 0x0000000100000000)
   the space 21248K,  32% used [0x00000000f5a00000, 0x00000000f60bcc28, 0x00000000f60bce00, 0x00000000f6ec0000)
No shared spaces configured.
Event: 1723.280 GC heap after
Heap after GC invocations=48 (full 7):
 def new generation   total 33024K, used 3648K [0x00000000b7c00000, 0x00000000b9fd0000, 0x00000000cc600000)
  eden space 29376K,   0% used [0x00000000b7c00000, 0x00000000b7c00000, 0x00000000b98b0000)
  from space 3648K, 100% used [0x00000000b9c40000, 0x00000000b9fd0000, 0x00000000b9fd0000)
  to   space 3648K,   0% used [0x00000000b98b0000, 0x00000000b98b0000, 0x00000000b9c40000)
 tenured generation   total 73244K, used 44383K [0x00000000cc600000, 0x00000000d0d87000, 0x00000000f5a00000)
   the space 73244K,  60% used [0x00000000cc600000, 0x00000000cf157e08, 0x00000000cf158000, 0x00000000d0d87000)
 compacting perm gen  total 21248K, used 6899K [0x00000000f5a00000, 0x00000000f6ec0000, 0x0000000100000000)
   the space 21248K,  32% used [0x00000000f5a00000, 0x00000000f60bcc28, 0x00000000f60bce00, 0x00000000f6ec0000)
No shared spaces configured.
}
Event: 1748.254 GC heap before
{Heap before GC invocations=48 (full 7):
 def new generation   total 33024K, used 33024K [0x00000000b7c00000, 0x00000000b9fd0000, 0x00000000cc600000)
  eden space 29376K, 100% used [0x00000000b7c00000, 0x00000000b98b0000, 0x00000000b98b0000)
  from space 3648K, 100% used [0x00000000b9c40000, 0x00000000b9fd0000, 0x00000000b9fd0000)
  to   space 3648K,   0% used [0x00000000b98b0000, 0x00000000b98b0000, 0x00000000b9c40000)
 tenured generation   total 73244K, used 44383K [0x00000000cc600000, 0x00000000d0d87000, 0x00000000f5a00000)
   the space 73244K,  60% used [0x00000000cc600000, 0x00000000cf157e08, 0x00000000cf158000, 0x00000000d0d87000)
 compacting perm gen  total 21248K, used 6907K [0x00000000f5a00000, 0x00000000f6ec0000, 0x0000000100000000)
   the space 21248K,  32% used [0x00000000f5a00000, 0x00000000f60befc0, 0x00000000f60bf000, 0x00000000f6ec0000)
No shared spaces configured.
Event: 1748.296 GC heap after
Heap after GC invocations=49 (full 7):
 def new generation   total 33024K, used 3648K [0x00000000b7c00000, 0x00000000b9fd0000, 0x00000000cc600000)
  eden space 29376K,   0% used [0x00000000b7c00000, 0x00000000b7c00000, 0x00000000b98b0000)
  from space 3648K, 100% used [0x00000000b98b0000, 0x00000000b9c40000, 0x00000000b9c40000)
  to   space 3648K,   0% used [0x00000000b9c40000, 0x00000000b9c40000, 0x00000000b9fd0000)
 tenured generation   total 73244K, used 51330K [0x00000000cc600000, 0x00000000d0d87000, 0x00000000f5a00000)
   the space 73244K,  70% used [0x00000000cc600000, 0x00000000cf820b00, 0x00000000cf820c00, 0x00000000d0d87000)
 compacting perm gen  total 21248K, used 6907K [0x00000000f5a00000, 0x00000000f6ec0000, 0x0000000100000000)
   the space 21248K,  32% used [0x00000000f5a00000, 0x00000000f60befc0, 0x00000000f60bf000, 0x00000000f6ec0000)
No shared spaces configured.
}

