# JRE version: OpenJDK Runtime Environment (7.0_65-b32) (build 1.7.0_65-b32)
# Java VM: OpenJDK 64-Bit Server VM (24.65-b04 mixed mode linux-amd64 compressed oops)
Heap
 def new generation   total 19072K, used 2452K [0x00000000b7c00000, 0x00000000b90b0000, 0x00000000cc600000)
  eden space 16960K,   2% used [0x00000000b7c00000, 0x00000000b7c55148, 0x00000000b8c90000)
  from space 2112K, 100% used [0x00000000b8c90000, 0x00000000b8ea0000, 0x00000000b8ea0000)
  to   space 2112K,   0% used [0x00000000b8ea0000, 0x00000000b8ea0000, 0x00000000b90b0000)
 tenured generation   total 42240K, used 16054K [0x00000000cc600000, 0x00000000cef40000, 0x00000000f5a00000)
   the space 42240K,  38% used [0x00000000cc600000, 0x00000000cd5adbf8, 0x00000000cd5adc00, 0x00000000cef40000)
 compacting perm gen  total 21248K, used 6634K [0x00000000f5a00000, 0x00000000f6ec0000, 0x0000000100000000)
   the space 21248K,  31% used [0x00000000f5a00000, 0x00000000f607ab80, 0x00000000f607ac00, 0x00000000f6ec0000)
GC Heap History (10 events):
Event: 1367.144 GC heap before
{Heap before GC invocations=97 (full 10):
 def new generation   total 19072K, used 19072K [0x00000000b7c00000, 0x00000000b90b0000, 0x00000000cc600000)
  eden space 16960K, 100% used [0x00000000b7c00000, 0x00000000b8c90000, 0x00000000b8c90000)
  from space 2112K, 100% used [0x00000000b8ea0000, 0x00000000b90b0000, 0x00000000b90b0000)
  to   space 2112K,   0% used [0x00000000b8c90000, 0x00000000b8c90000, 0x00000000b8ea0000)
 tenured generation   total 42240K, used 33104K [0x00000000cc600000, 0x00000000cef40000, 0x00000000f5a00000)
   the space 42240K,  78% used [0x00000000cc600000, 0x00000000ce6541a0, 0x00000000ce654200, 0x00000000cef40000)
 compacting perm gen  total 21248K, used 6634K [0x00000000f5a00000, 0x00000000f6ec0000, 0x0000000100000000)
   the space 21248K,  31% used [0x00000000f5a00000, 0x00000000f607aaa0, 0x00000000f607ac00, 0x00000000f6ec0000)
No shared spaces configured.
Event: 1367.158 GC heap after
Heap after GC invocations=98 (full 10):
 def new generation   total 19072K, used 2112K [0x00000000b7c00000, 0x00000000b90b0000, 0x00000000cc600000)
  eden space 16960K,   0% used [0x00000000b7c00000, 0x00000000b7c00000, 0x00000000b8c90000)
  from space 2112K, 100% used [0x00000000b8c90000, 0x00000000b8ea0000, 0x00000000b8ea0000)
  to   space 2112K,   0% used [0x00000000b8ea0000, 0x00000000b8ea0000, 0x00000000b90b0000)
 tenured generation   total 42240K, used 37306K [0x00000000cc600000, 0x00000000cef40000, 0x00000000f5a00000)
   the space 42240K,  88% used [0x00000000cc600000, 0x00000000cea6e8b0, 0x00000000cea6ea00, 0x00000000cef40000)
 compacting perm gen  total 21248K, used 6634K [0x00000000f5a00000, 0x00000000f6ec0000, 0x0000000100000000)
   the space 21248K,  31% used [0x00000000f5a00000, 0x00000000f607aaa0, 0x00000000f607ac00, 0x00000000f6ec0000)
No shared spaces configured.
}
Event: 1385.668 GC heap before
{Heap before GC invocations=98 (full 10):
 def new generation   total 19072K, used 19072K [0x00000000b7c00000, 0x00000000b90b0000, 0x00000000cc600000)
  eden space 16960K, 100% used [0x00000000b7c00000, 0x00000000b8c90000, 0x00000000b8c90000)
  from space 2112K, 100% used [0x00000000b8c90000, 0x00000000b8ea0000, 0x00000000b8ea0000)
  to   space 2112K,   0% used [0x00000000b8ea0000, 0x00000000b8ea0000, 0x00000000b90b0000)
 tenured generation   total 42240K, used 37306K [0x00000000cc600000, 0x00000000cef40000, 0x00000000f5a00000)
   the space 42240K,  88% used [0x00000000cc600000, 0x00000000cea6e8b0, 0x00000000cea6ea00, 0x00000000cef40000)
 compacting perm gen  total 21248K, used 6634K [0x00000000f5a00000, 0x00000000f6ec0000, 0x0000000100000000)
   the space 21248K,  31% used [0x00000000f5a00000, 0x00000000f607aaa0, 0x00000000f607ac00, 0x00000000f6ec0000)
No shared spaces configured.
Event: 1385.690 GC heap after
Heap after GC invocations=99 (full 10):
 def new generation   total 19072K, used 2112K [0x00000000b7c00000, 0x00000000b90b0000, 0x00000000cc600000)
  eden space 16960K,   0% used [0x00000000b7c00000, 0x00000000b7c00000, 0x00000000b8c90000)
  from space 2112K, 100% used [0x00000000b8ea0000, 0x00000000b90b0000, 0x00000000b90b0000)
  to   space 2112K,   0% used [0x00000000b8c90000, 0x00000000b8c90000, 0x00000000b8ea0000)
 tenured generation   total 42240K, used 41454K [0x00000000cc600000, 0x00000000cef40000, 0x00000000f5a00000)
   the space 42240K,  98% used [0x00000000cc600000, 0x00000000cee7b970, 0x00000000cee7ba00, 0x00000000cef40000)
 compacting perm gen  total 21248K, used 6634K [0x00000000f5a00000, 0x00000000f6ec0000, 0x0000000100000000)
   the space 21248K,  31% used [0x00000000f5a00000, 0x00000000f607aaa0, 0x00000000f607ac00, 0x00000000f6ec0000)
No shared spaces configured.
}
Event: 1403.928 GC heap before
{Heap before GC invocations=99 (full 10):
 def new generation   total 19072K, used 19072K [0x00000000b7c00000, 0x00000000b90b0000, 0x00000000cc600000)
  eden space 16960K, 100% used [0x00000000b7c00000, 0x00000000b8c90000, 0x00000000b8c90000)
  from space 2112K, 100% used [0x00000000b8ea0000, 0x00000000b90b0000, 0x00000000b90b0000)
  to   space 2112K,   0% used [0x00000000b8c90000, 0x00000000b8c90000, 0x00000000b8ea0000)
 tenured generation   total 42240K, used 41454K [0x00000000cc600000, 0x00000000cef40000, 0x00000000f5a00000)
   the space 42240K,  98% used [0x00000000cc600000, 0x00000000cee7b970, 0x00000000cee7ba00, 0x00000000cef40000)
 compacting perm gen  total 21248K, used 6634K [0x00000000f5a00000, 0x00000000f6ec0000, 0x0000000100000000)
   the space 21248K,  31% used [0x00000000f5a00000, 0x00000000f607aaa0, 0x00000000f607ac00, 0x00000000f6ec0000)
No shared spaces configured.
Event: 1404.006 GC heap after
Heap after GC invocations=100 (full 11):
 def new generation   total 19072K, used 0K [0x00000000b7c00000, 0x00000000b90b0000, 0x00000000cc600000)
  eden space 16960K,   0% used [0x00000000b7c00000, 0x00000000b7c00000, 0x00000000b8c90000)
  from space 2112K,   0% used [0x00000000b8c90000, 0x00000000b8c90000, 0x00000000b8ea0000)
  to   space 2112K,   0% used [0x00000000b8ea0000, 0x00000000b8ea0000, 0x00000000b90b0000)
 tenured generation   total 42240K, used 7960K [0x00000000cc600000, 0x00000000cef40000, 0x00000000f5a00000)
   the space 42240K,  18% used [0x00000000cc600000, 0x00000000ccdc6078, 0x00000000ccdc6200, 0x00000000cef40000)
 compacting perm gen  total 21248K, used 6634K [0x00000000f5a00000, 0x00000000f6ec0000, 0x0000000100000000)
   the space 21248K,  31% used [0x00000000f5a00000, 0x00000000f607aaa0, 0x00000000f607ac00, 0x00000000f6ec0000)
No shared spaces configured.
}
Event: 1427.584 GC heap before
{Heap before GC invocations=100 (full 11):
 def new generation   total 19072K, used 16960K [0x00000000b7c00000, 0x00000000b90b0000, 0x00000000cc600000)
  eden space 16960K, 100% used [0x00000000b7c00000, 0x00000000b8c90000, 0x00000000b8c90000)
  from space 2112K,   0% used [0x00000000b8c90000, 0x00000000b8c90000, 0x00000000b8ea0000)
  to   space 2112K,   0% used [0x00000000b8ea0000, 0x00000000b8ea0000, 0x00000000b90b0000)
 tenured generation   total 42240K, used 7960K [0x00000000cc600000, 0x00000000cef40000, 0x00000000f5a00000)
   the space 42240K,  18% used [0x00000000cc600000, 0x00000000ccdc6078, 0x00000000ccdc6200, 0x00000000cef40000)
 compacting perm gen  total 21248K, used 6634K [0x00000000f5a00000, 0x00000000f6ec0000, 0x0000000100000000)
   the space 21248K,  31% used [0x00000000f5a00000, 0x00000000f607ab80, 0x00000000f607ac00, 0x00000000f6ec0000)
No shared spaces configured.
Event: 1427.598 GC heap after
Heap after GC invocations=101 (full 11):
 def new generation   total 19072K, used 2112K [0x00000000b7c00000, 0x00000000b90b0000, 0x00000000cc600000)
  eden space 16960K,   0% used [0x00000000b7c00000, 0x00000000b7c00000, 0x00000000b8c90000)
  from space 2112K, 100% used [0x00000000b8ea0000, 0x00000000b90b0000, 0x00000000b90b0000)
  to   space 2112K,   0% used [0x00000000b8c90000, 0x00000000b8c90000, 0x00000000b8ea0000)
 tenured generation   total 42240K, used 11914K [0x00000000cc600000, 0x00000000cef40000, 0x00000000f5a00000)
   the space 42240K,  28% used [0x00000000cc600000, 0x00000000cd1a2a38, 0x00000000cd1a2c00, 0x00000000cef40000)
 compacting perm gen  total 21248K, used 6634K [0x00000000f5a00000, 0x00000000f6ec0000, 0x0000000100000000)
   the space 21248K,  31% used [0x00000000f5a00000, 0x00000000f607ab80, 0x00000000f607ac00, 0x00000000f6ec0000)
No shared spaces configured.
}
Event: 1446.354 GC heap before
{Heap before GC invocations=101 (full 11):
 def new generation   total 19072K, used 19072K [0x00000000b7c00000, 0x00000000b90b0000, 0x00000000cc600000)
  eden space 16960K, 100% used [0x00000000b7c00000, 0x00000000b8c90000, 0x00000000b8c90000)
  from space 2112K, 100% used [0x00000000b8ea0000, 0x00000000b90b0000, 0x00000000b90b0000)
  to   space 2112K,   0% used [0x00000000b8c90000, 0x00000000b8c90000, 0x00000000b8ea0000)
 tenured generation   total 42240K, used 11914K [0x00000000cc600000, 0x00000000cef40000, 0x00000000f5a00000)
   the space 42240K,  28% used [0x00000000cc600000, 0x00000000cd1a2a38, 0x00000000cd1a2c00, 0x00000000cef40000)
 compacting perm gen  total 21248K, used 6634K [0x00000000f5a00000, 0x00000000f6ec0000, 0x0000000100000000)
   the space 21248K,  31% used [0x00000000f5a00000, 0x00000000f607ab80, 0x00000000f607ac00, 0x00000000f6ec0000)
No shared spaces configured.
Event: 1446.379 GC heap after
Heap after GC invocations=102 (full 11):
 def new generation   total 19072K, used 2112K [0x00000000b7c00000, 0x00000000b90b0000, 0x00000000cc600000)
  eden space 16960K,   0% used [0x00000000b7c00000, 0x00000000b7c00000, 0x00000000b8c90000)
  from space 2112K, 100% used [0x00000000b8c90000, 0x00000000b8ea0000, 0x00000000b8ea0000)
  to   space 2112K,   0% used [0x00000000b8ea0000, 0x00000000b8ea0000, 0x00000000b90b0000)
 tenured generation   total 42240K, used 16054K [0x00000000cc600000, 0x00000000cef40000, 0x00000000f5a00000)
   the space 42240K,  38% used [0x00000000cc600000, 0x00000000cd5adbf8, 0x00000000cd5adc00, 0x00000000cef40000)
 compacting perm gen  total 21248K, used 6634K [0x00000000f5a00000, 0x00000000f6ec0000, 0x0000000100000000)
   the space 21248K,  31% used [0x00000000f5a00000, 0x00000000f607ab80, 0x00000000f607ac00, 0x00000000f6ec0000)
No shared spaces configured.
}

