# JRE version: OpenJDK Runtime Environment (7.0_65-b32) (build 1.7.0_65-b32)
# Java VM: OpenJDK 64-Bit Server VM (24.65-b04 mixed mode linux-amd64 compressed oops)
Heap
 def new generation   total 48384K, used 863K [0x00000000a9200000, 0x00000000ac680000, 0x00000000c2a00000)
  eden space 43008K,   2% used [0x00000000a9200000, 0x00000000a92d7d38, 0x00000000abc00000)
  from space 5376K,   0% used [0x00000000ac140000, 0x00000000ac140000, 0x00000000ac680000)
  to   space 5376K,   0% used [0x00000000abc00000, 0x00000000abc00000, 0x00000000ac140000)
 tenured generation   total 107464K, used 37284K [0x00000000c2a00000, 0x00000000c92f2000, 0x00000000f5a00000)
   the space 107464K,  34% used [0x00000000c2a00000, 0x00000000c4e69040, 0x00000000c4e69200, 0x00000000c92f2000)
 compacting perm gen  total 21248K, used 6984K [0x00000000f5a00000, 0x00000000f6ec0000, 0x0000000100000000)
   the space 21248K,  32% used [0x00000000f5a00000, 0x00000000f60d2330, 0x00000000f60d2400, 0x00000000f6ec0000)
GC Heap History (10 events):
Event: 3005.160 GC heap before
{Heap before GC invocations=74 (full 11):
 def new generation   total 48384K, used 48383K [0x00000000a9200000, 0x00000000ac680000, 0x00000000c2a00000)
  eden space 43008K, 100% used [0x00000000a9200000, 0x00000000abc00000, 0x00000000abc00000)
  from space 5376K,  99% used [0x00000000abc00000, 0x00000000ac13fff8, 0x00000000ac140000)
  to   space 5376K,   0% used [0x00000000ac140000, 0x00000000ac140000, 0x00000000ac680000)
 tenured generation   total 107464K, used 59080K [0x00000000c2a00000, 0x00000000c92f2000, 0x00000000f5a00000)
   the space 107464K,  54% used [0x00000000c2a00000, 0x00000000c63b21a0, 0x00000000c63b2200, 0x00000000c92f2000)
 compacting perm gen  total 21248K, used 6984K [0x00000000f5a00000, 0x00000000f6ec0000, 0x0000000100000000)
   the space 21248K,  32% used [0x00000000f5a00000, 0x00000000f60d21a0, 0x00000000f60d2200, 0x00000000f6ec0000)
No shared spaces configured.
Event: 3005.203 GC heap after
Heap after GC invocations=75 (full 11):
 def new generation   total 48384K, used 5375K [0x00000000a9200000, 0x00000000ac680000, 0x00000000c2a00000)
  eden space 43008K,   0% used [0x00000000a9200000, 0x00000000a9200000, 0x00000000abc00000)
  from space 5376K,  99% used [0x00000000ac140000, 0x00000000ac67fff8, 0x00000000ac680000)
  to   space 5376K,   0% used [0x00000000abc00000, 0x00000000abc00000, 0x00000000ac140000)
 tenured generation   total 107464K, used 69392K [0x00000000c2a00000, 0x00000000c92f2000, 0x00000000f5a00000)
   the space 107464K,  64% used [0x00000000c2a00000, 0x00000000c6dc4348, 0x00000000c6dc4400, 0x00000000c92f2000)
 compacting perm gen  total 21248K, used 6984K [0x00000000f5a00000, 0x00000000f6ec0000, 0x0000000100000000)
   the space 21248K,  32% used [0x00000000f5a00000, 0x00000000f60d21a0, 0x00000000f60d2200, 0x00000000f6ec0000)
No shared spaces configured.
}
Event: 3043.446 GC heap before
{Heap before GC invocations=75 (full 11):
 def new generation   total 48384K, used 48383K [0x00000000a9200000, 0x00000000ac680000, 0x00000000c2a00000)
  eden space 43008K, 100% used [0x00000000a9200000, 0x00000000abc00000, 0x00000000abc00000)
  from space 5376K,  99% used [0x00000000ac140000, 0x00000000ac67fff8, 0x00000000ac680000)
  to   space 5376K,   0% used [0x00000000abc00000, 0x00000000abc00000, 0x00000000ac140000)
 tenured generation   total 107464K, used 69392K [0x00000000c2a00000, 0x00000000c92f2000, 0x00000000f5a00000)
   the space 107464K,  64% used [0x00000000c2a00000, 0x00000000c6dc4348, 0x00000000c6dc4400, 0x00000000c92f2000)
 compacting perm gen  total 21248K, used 6984K [0x00000000f5a00000, 0x00000000f6ec0000, 0x0000000100000000)
   the space 21248K,  32% used [0x00000000f5a00000, 0x00000000f60d21a0, 0x00000000f60d2200, 0x00000000f6ec0000)
No shared spaces configured.
Event: 3043.505 GC heap after
Heap after GC invocations=76 (full 11):
 def new generation   total 48384K, used 5375K [0x00000000a9200000, 0x00000000ac680000, 0x00000000c2a00000)
  eden space 43008K,   0% used [0x00000000a9200000, 0x00000000a9200000, 0x00000000abc00000)
  from space 5376K,  99% used [0x00000000abc00000, 0x00000000ac13fff8, 0x00000000ac140000)
  to   space 5376K,   0% used [0x00000000ac140000, 0x00000000ac140000, 0x00000000ac680000)
 tenured generation   total 107464K, used 79690K [0x00000000c2a00000, 0x00000000c92f2000, 0x00000000f5a00000)
   the space 107464K,  74% used [0x00000000c2a00000, 0x00000000c77d2b50, 0x00000000c77d2c00, 0x00000000c92f2000)
 compacting perm gen  total 21248K, used 6984K [0x00000000f5a00000, 0x00000000f6ec0000, 0x0000000100000000)
   the space 21248K,  32% used [0x00000000f5a00000, 0x00000000f60d21a0, 0x00000000f60d2200, 0x00000000f6ec0000)
No shared spaces configured.
}
Event: 3082.137 GC heap before
{Heap before GC invocations=76 (full 11):
 def new generation   total 48384K, used 48383K [0x00000000a9200000, 0x00000000ac680000, 0x00000000c2a00000)
  eden space 43008K, 100% used [0x00000000a9200000, 0x00000000abc00000, 0x00000000abc00000)
  from space 5376K,  99% used [0x00000000abc00000, 0x00000000ac13fff8, 0x00000000ac140000)
  to   space 5376K,   0% used [0x00000000ac140000, 0x00000000ac140000, 0x00000000ac680000)
 tenured generation   total 107464K, used 79690K [0x00000000c2a00000, 0x00000000c92f2000, 0x00000000f5a00000)
   the space 107464K,  74% used [0x00000000c2a00000, 0x00000000c77d2b50, 0x00000000c77d2c00, 0x00000000c92f2000)
 compacting perm gen  total 21248K, used 6984K [0x00000000f5a00000, 0x00000000f6ec0000, 0x0000000100000000)
   the space 21248K,  32% used [0x00000000f5a00000, 0x00000000f60d22f0, 0x00000000f60d2400, 0x00000000f6ec0000)
No shared spaces configured.
Event: 3082.194 GC heap after
Heap after GC invocations=77 (full 11):
 def new generation   total 48384K, used 5376K [0x00000000a9200000, 0x00000000ac680000, 0x00000000c2a00000)
  eden space 43008K,   0% used [0x00000000a9200000, 0x00000000a9200000, 0x00000000abc00000)
  from space 5376K, 100% used [0x00000000ac140000, 0x00000000ac680000, 0x00000000ac680000)
  to   space 5376K,   0% used [0x00000000abc00000, 0x00000000abc00000, 0x00000000ac140000)
 tenured generation   total 107464K, used 89905K [0x00000000c2a00000, 0x00000000c92f2000, 0x00000000f5a00000)
   the space 107464K,  83% used [0x00000000c2a00000, 0x00000000c81cc470, 0x00000000c81cc600, 0x00000000c92f2000)
 compacting perm gen  total 21248K, used 6984K [0x00000000f5a00000, 0x00000000f6ec0000, 0x0000000100000000)
   the space 21248K,  32% used [0x00000000f5a00000, 0x00000000f60d22f0, 0x00000000f60d2400, 0x00000000f6ec0000)
No shared spaces configured.
}
Event: 3118.468 GC heap before
{Heap before GC invocations=77 (full 11):
 def new generation   total 48384K, used 48384K [0x00000000a9200000, 0x00000000ac680000, 0x00000000c2a00000)
  eden space 43008K, 100% used [0x00000000a9200000, 0x00000000abc00000, 0x00000000abc00000)
  from space 5376K, 100% used [0x00000000ac140000, 0x00000000ac680000, 0x00000000ac680000)
  to   space 5376K,   0% used [0x00000000abc00000, 0x00000000abc00000, 0x00000000ac140000)
 tenured generation   total 107464K, used 89905K [0x00000000c2a00000, 0x00000000c92f2000, 0x00000000f5a00000)
   the space 107464K,  83% used [0x00000000c2a00000, 0x00000000c81cc470, 0x00000000c81cc600, 0x00000000c92f2000)
 compacting perm gen  total 21248K, used 6984K [0x00000000f5a00000, 0x00000000f6ec0000, 0x0000000100000000)
   the space 21248K,  32% used [0x00000000f5a00000, 0x00000000f60d23b0, 0x00000000f60d2400, 0x00000000f6ec0000)
No shared spaces configured.
Event: 3118.526 GC heap after
Heap after GC invocations=78 (full 11):
 def new generation   total 48384K, used 5375K [0x00000000a9200000, 0x00000000ac680000, 0x00000000c2a00000)
  eden space 43008K,   0% used [0x00000000a9200000, 0x00000000a9200000, 0x00000000abc00000)
  from space 5376K,  99% used [0x00000000abc00000, 0x00000000ac13fff8, 0x00000000ac140000)
  to   space 5376K,   0% used [0x00000000ac140000, 0x00000000ac140000, 0x00000000ac680000)
 tenured generation   total 107464K, used 100405K [0x00000000c2a00000, 0x00000000c92f2000, 0x00000000f5a00000)
   the space 107464K,  93% used [0x00000000c2a00000, 0x00000000c8c0d520, 0x00000000c8c0d600, 0x00000000c92f2000)
 compacting perm gen  total 21248K, used 6984K [0x00000000f5a00000, 0x00000000f6ec0000, 0x0000000100000000)
   the space 21248K,  32% used [0x00000000f5a00000, 0x00000000f60d23b0, 0x00000000f60d2400, 0x00000000f6ec0000)
No shared spaces configured.
}
Event: 3163.142 GC heap before
{Heap before GC invocations=78 (full 11):
 def new generation   total 48384K, used 48383K [0x00000000a9200000, 0x00000000ac680000, 0x00000000c2a00000)
  eden space 43008K, 100% used [0x00000000a9200000, 0x00000000abc00000, 0x00000000abc00000)
  from space 5376K,  99% used [0x00000000abc00000, 0x00000000ac13fff8, 0x00000000ac140000)
  to   space 5376K,   0% used [0x00000000ac140000, 0x00000000ac140000, 0x00000000ac680000)
 tenured generation   total 107464K, used 100405K [0x00000000c2a00000, 0x00000000c92f2000, 0x00000000f5a00000)
   the space 107464K,  93% used [0x00000000c2a00000, 0x00000000c8c0d520, 0x00000000c8c0d600, 0x00000000c92f2000)
 compacting perm gen  total 21248K, used 6984K [0x00000000f5a00000, 0x00000000f6ec0000, 0x0000000100000000)
   the space 21248K,  32% used [0x00000000f5a00000, 0x00000000f60d23b0, 0x00000000f60d2400, 0x00000000f6ec0000)
No shared spaces configured.
Event: 3163.377 GC heap after
Heap after GC invocations=79 (full 12):
 def new generation   total 48384K, used 0K [0x00000000a9200000, 0x00000000ac680000, 0x00000000c2a00000)
  eden space 43008K,   0% used [0x00000000a9200000, 0x00000000a9200000, 0x00000000abc00000)
  from space 5376K,   0% used [0x00000000ac140000, 0x00000000ac140000, 0x00000000ac680000)
  to   space 5376K,   0% used [0x00000000abc00000, 0x00000000abc00000, 0x00000000ac140000)
 tenured generation   total 107464K, used 37284K [0x00000000c2a00000, 0x00000000c92f2000, 0x00000000f5a00000)
   the space 107464K,  34% used [0x00000000c2a00000, 0x00000000c4e69040, 0x00000000c4e69200, 0x00000000c92f2000)
 compacting perm gen  total 21248K, used 6984K [0x00000000f5a00000, 0x00000000f6ec0000, 0x0000000100000000)
   the space 21248K,  32% used [0x00000000f5a00000, 0x00000000f60d2330, 0x00000000f60d2400, 0x00000000f6ec0000)
No shared spaces configured.
}

