# JRE version: OpenJDK Runtime Environment (7.0_65-b32) (build 1.7.0_65-b32)
# Java VM: OpenJDK 64-Bit Server VM (24.65-b04 mixed mode linux-amd64 compressed oops)
Heap
 def new generation   total 23616K, used 2982K [0x00000000a9200000, 0x00000000aab90000, 0x00000000c2a00000)
  eden space 21056K,   2% used [0x00000000a9200000, 0x00000000a9269b78, 0x00000000aa690000)
  from space 2560K, 100% used [0x00000000aa910000, 0x00000000aab90000, 0x00000000aab90000)
  to   space 2560K,   0% used [0x00000000aa690000, 0x00000000aa690000, 0x00000000aa910000)
 tenured generation   total 52224K, used 41415K [0x00000000c2a00000, 0x00000000c5d00000, 0x00000000f5a00000)
   the space 52224K,  79% used [0x00000000c2a00000, 0x00000000c5271f38, 0x00000000c5272000, 0x00000000c5d00000)
 compacting perm gen  total 21248K, used 6650K [0x00000000f5a00000, 0x00000000f6ec0000, 0x0000000100000000)
   the space 21248K,  31% used [0x00000000f5a00000, 0x00000000f607ead8, 0x00000000f607ec00, 0x00000000f6ec0000)
GC Heap History (10 events):
Event: 2243.450 GC heap before
{Heap before GC invocations=82 (full 9):
 def new generation   total 23616K, used 23616K [0x00000000a9200000, 0x00000000aab90000, 0x00000000c2a00000)
  eden space 21056K, 100% used [0x00000000a9200000, 0x00000000aa690000, 0x00000000aa690000)
  from space 2560K, 100% used [0x00000000aa690000, 0x00000000aa910000, 0x00000000aa910000)
  to   space 2560K,   0% used [0x00000000aa910000, 0x00000000aa910000, 0x00000000aab90000)
 tenured generation   total 52224K, used 14452K [0x00000000c2a00000, 0x00000000c5d00000, 0x00000000f5a00000)
   the space 52224K,  27% used [0x00000000c2a00000, 0x00000000c381d190, 0x00000000c381d200, 0x00000000c5d00000)
 compacting perm gen  total 21248K, used 6648K [0x00000000f5a00000, 0x00000000f6ec0000, 0x0000000100000000)
   the space 21248K,  31% used [0x00000000f5a00000, 0x00000000f607e1c8, 0x00000000f607e200, 0x00000000f6ec0000)
No shared spaces configured.
Event: 2243.476 GC heap after
Heap after GC invocations=83 (full 9):
 def new generation   total 23616K, used 2559K [0x00000000a9200000, 0x00000000aab90000, 0x00000000c2a00000)
  eden space 21056K,   0% used [0x00000000a9200000, 0x00000000a9200000, 0x00000000aa690000)
  from space 2560K,  99% used [0x00000000aa910000, 0x00000000aab8fff8, 0x00000000aab90000)
  to   space 2560K,   0% used [0x00000000aa690000, 0x00000000aa690000, 0x00000000aa910000)
 tenured generation   total 52224K, used 19701K [0x00000000c2a00000, 0x00000000c5d00000, 0x00000000f5a00000)
   the space 52224K,  37% used [0x00000000c2a00000, 0x00000000c3d3d6a8, 0x00000000c3d3d800, 0x00000000c5d00000)
 compacting perm gen  total 21248K, used 6648K [0x00000000f5a00000, 0x00000000f6ec0000, 0x0000000100000000)
   the space 21248K,  31% used [0x00000000f5a00000, 0x00000000f607e1c8, 0x00000000f607e200, 0x00000000f6ec0000)
No shared spaces configured.
}
Event: 2257.770 GC heap before
{Heap before GC invocations=83 (full 9):
 def new generation   total 23616K, used 23615K [0x00000000a9200000, 0x00000000aab90000, 0x00000000c2a00000)
  eden space 21056K, 100% used [0x00000000a9200000, 0x00000000aa690000, 0x00000000aa690000)
  from space 2560K,  99% used [0x00000000aa910000, 0x00000000aab8fff8, 0x00000000aab90000)
  to   space 2560K,   0% used [0x00000000aa690000, 0x00000000aa690000, 0x00000000aa910000)
 tenured generation   total 52224K, used 19701K [0x00000000c2a00000, 0x00000000c5d00000, 0x00000000f5a00000)
   the space 52224K,  37% used [0x00000000c2a00000, 0x00000000c3d3d6a8, 0x00000000c3d3d800, 0x00000000c5d00000)
 compacting perm gen  total 21248K, used 6648K [0x00000000f5a00000, 0x00000000f6ec0000, 0x0000000100000000)
   the space 21248K,  31% used [0x00000000f5a00000, 0x00000000f607e1c8, 0x00000000f607e200, 0x00000000f6ec0000)
No shared spaces configured.
Event: 2257.795 GC heap after
Heap after GC invocations=84 (full 9):
 def new generation   total 23616K, used 2559K [0x00000000a9200000, 0x00000000aab90000, 0x00000000c2a00000)
  eden space 21056K,   0% used [0x00000000a9200000, 0x00000000a9200000, 0x00000000aa690000)
  from space 2560K,  99% used [0x00000000aa690000, 0x00000000aa90fff8, 0x00000000aa910000)
  to   space 2560K,   0% used [0x00000000aa910000, 0x00000000aa910000, 0x00000000aab90000)
 tenured generation   total 52224K, used 25037K [0x00000000c2a00000, 0x00000000c5d00000, 0x00000000f5a00000)
   the space 52224K,  47% used [0x00000000c2a00000, 0x00000000c42735b0, 0x00000000c4273600, 0x00000000c5d00000)
 compacting perm gen  total 21248K, used 6648K [0x00000000f5a00000, 0x00000000f6ec0000, 0x0000000100000000)
   the space 21248K,  31% used [0x00000000f5a00000, 0x00000000f607e1c8, 0x00000000f607e200, 0x00000000f6ec0000)
No shared spaces configured.
}
Event: 2272.886 GC heap before
{Heap before GC invocations=84 (full 9):
 def new generation   total 23616K, used 23615K [0x00000000a9200000, 0x00000000aab90000, 0x00000000c2a00000)
  eden space 21056K, 100% used [0x00000000a9200000, 0x00000000aa690000, 0x00000000aa690000)
  from space 2560K,  99% used [0x00000000aa690000, 0x00000000aa90fff8, 0x00000000aa910000)
  to   space 2560K,   0% used [0x00000000aa910000, 0x00000000aa910000, 0x00000000aab90000)
 tenured generation   total 52224K, used 25037K [0x00000000c2a00000, 0x00000000c5d00000, 0x00000000f5a00000)
   the space 52224K,  47% used [0x00000000c2a00000, 0x00000000c42735b0, 0x00000000c4273600, 0x00000000c5d00000)
 compacting perm gen  total 21248K, used 6648K [0x00000000f5a00000, 0x00000000f6ec0000, 0x0000000100000000)
   the space 21248K,  31% used [0x00000000f5a00000, 0x00000000f607e1c8, 0x00000000f607e200, 0x00000000f6ec0000)
No shared spaces configured.
Event: 2272.913 GC heap after
Heap after GC invocations=85 (full 9):
 def new generation   total 23616K, used 2560K [0x00000000a9200000, 0x00000000aab90000, 0x00000000c2a00000)
  eden space 21056K,   0% used [0x00000000a9200000, 0x00000000a9200000, 0x00000000aa690000)
  from space 2560K, 100% used [0x00000000aa910000, 0x00000000aab90000, 0x00000000aab90000)
  to   space 2560K,   0% used [0x00000000aa690000, 0x00000000aa690000, 0x00000000aa910000)
 tenured generation   total 52224K, used 30406K [0x00000000c2a00000, 0x00000000c5d00000, 0x00000000f5a00000)
   the space 52224K,  58% used [0x00000000c2a00000, 0x00000000c47b1a48, 0x00000000c47b1c00, 0x00000000c5d00000)
 compacting perm gen  total 21248K, used 6648K [0x00000000f5a00000, 0x00000000f6ec0000, 0x0000000100000000)
   the space 21248K,  31% used [0x00000000f5a00000, 0x00000000f607e1c8, 0x00000000f607e200, 0x00000000f6ec0000)
No shared spaces configured.
}
Event: 2287.550 GC heap before
{Heap before GC invocations=85 (full 9):
 def new generation   total 23616K, used 23616K [0x00000000a9200000, 0x00000000aab90000, 0x00000000c2a00000)
  eden space 21056K, 100% used [0x00000000a9200000, 0x00000000aa690000, 0x00000000aa690000)
  from space 2560K, 100% used [0x00000000aa910000, 0x00000000aab90000, 0x00000000aab90000)
  to   space 2560K,   0% used [0x00000000aa690000, 0x00000000aa690000, 0x00000000aa910000)
 tenured generation   total 52224K, used 30406K [0x00000000c2a00000, 0x00000000c5d00000, 0x00000000f5a00000)
   the space 52224K,  58% used [0x00000000c2a00000, 0x00000000c47b1a48, 0x00000000c47b1c00, 0x00000000c5d00000)
 compacting perm gen  total 21248K, used 6650K [0x00000000f5a00000, 0x00000000f6ec0000, 0x0000000100000000)
   the space 21248K,  31% used [0x00000000f5a00000, 0x00000000f607e9b8, 0x00000000f607ea00, 0x00000000f6ec0000)
No shared spaces configured.
Event: 2287.571 GC heap after
Heap after GC invocations=86 (full 9):
 def new generation   total 23616K, used 2560K [0x00000000a9200000, 0x00000000aab90000, 0x00000000c2a00000)
  eden space 21056K,   0% used [0x00000000a9200000, 0x00000000a9200000, 0x00000000aa690000)
  from space 2560K, 100% used [0x00000000aa690000, 0x00000000aa910000, 0x00000000aa910000)
  to   space 2560K,   0% used [0x00000000aa910000, 0x00000000aa910000, 0x00000000aab90000)
 tenured generation   total 52224K, used 36009K [0x00000000c2a00000, 0x00000000c5d00000, 0x00000000f5a00000)
   the space 52224K,  68% used [0x00000000c2a00000, 0x00000000c4d2a790, 0x00000000c4d2a800, 0x00000000c5d00000)
 compacting perm gen  total 21248K, used 6650K [0x00000000f5a00000, 0x00000000f6ec0000, 0x0000000100000000)
   the space 21248K,  31% used [0x00000000f5a00000, 0x00000000f607e9b8, 0x00000000f607ea00, 0x00000000f6ec0000)
No shared spaces configured.
}
Event: 2302.920 GC heap before
{Heap before GC invocations=86 (full 9):
 def new generation   total 23616K, used 23616K [0x00000000a9200000, 0x00000000aab90000, 0x00000000c2a00000)
  eden space 21056K, 100% used [0x00000000a9200000, 0x00000000aa690000, 0x00000000aa690000)
  from space 2560K, 100% used [0x00000000aa690000, 0x00000000aa910000, 0x00000000aa910000)
  to   space 2560K,   0% used [0x00000000aa910000, 0x00000000aa910000, 0x00000000aab90000)
 tenured generation   total 52224K, used 36009K [0x00000000c2a00000, 0x00000000c5d00000, 0x00000000f5a00000)
   the space 52224K,  68% used [0x00000000c2a00000, 0x00000000c4d2a790, 0x00000000c4d2a800, 0x00000000c5d00000)
 compacting perm gen  total 21248K, used 6650K [0x00000000f5a00000, 0x00000000f6ec0000, 0x0000000100000000)
   the space 21248K,  31% used [0x00000000f5a00000, 0x00000000f607ead8, 0x00000000f607ec00, 0x00000000f6ec0000)
No shared spaces configured.
Event: 2302.951 GC heap after
Heap after GC invocations=87 (full 9):
 def new generation   total 23616K, used 2560K [0x00000000a9200000, 0x00000000aab90000, 0x00000000c2a00000)
  eden space 21056K,   0% used [0x00000000a9200000, 0x00000000a9200000, 0x00000000aa690000)
  from space 2560K, 100% used [0x00000000aa910000, 0x00000000aab90000, 0x00000000aab90000)
  to   space 2560K,   0% used [0x00000000aa690000, 0x00000000aa690000, 0x00000000aa910000)
 tenured generation   total 52224K, used 41415K [0x00000000c2a00000, 0x00000000c5d00000, 0x00000000f5a00000)
   the space 52224K,  79% used [0x00000000c2a00000, 0x00000000c5271f38, 0x00000000c5272000, 0x00000000c5d00000)
 compacting perm gen  total 21248K, used 6650K [0x00000000f5a00000, 0x00000000f6ec0000, 0x0000000100000000)
   the space 21248K,  31% used [0x00000000f5a00000, 0x00000000f607ead8, 0x00000000f607ec00, 0x00000000f6ec0000)
No shared spaces configured.
}

