# JRE version: OpenJDK Runtime Environment (7.0_65-b32) (build 1.7.0_65-b32)
# Java VM: OpenJDK 64-Bit Server VM (24.65-b04 mixed mode linux-amd64 compressed oops)
Heap
 def new generation   total 16768K, used 2155K [0x00000000bf200000, 0x00000000c0430000, 0x00000000d14a0000)
  eden space 14912K,   2% used [0x00000000bf200000, 0x00000000bf24add0, 0x00000000c0090000)
  from space 1856K, 100% used [0x00000000c0260000, 0x00000000c0430000, 0x00000000c0430000)
  to   space 1856K,   0% used [0x00000000c0090000, 0x00000000c0090000, 0x00000000c0260000)
 tenured generation   total 37184K, used 25497K [0x00000000d14a0000, 0x00000000d38f0000, 0x00000000f5a00000)
   the space 37184K,  68% used [0x00000000d14a0000, 0x00000000d2d866c0, 0x00000000d2d86800, 0x00000000d38f0000)
 compacting perm gen  total 21248K, used 6555K [0x00000000f5a00000, 0x00000000f6ec0000, 0x0000000100000000)
   the space 21248K,  30% used [0x00000000f5a00000, 0x00000000f6066d40, 0x00000000f6066e00, 0x00000000f6ec0000)
GC Heap History (10 events):
Event: 496.566 GC heap before
{Heap before GC invocations=42 (full 4):
 def new generation   total 16768K, used 16768K [0x00000000bf200000, 0x00000000c0430000, 0x00000000d14a0000)
  eden space 14912K, 100% used [0x00000000bf200000, 0x00000000c0090000, 0x00000000c0090000)
  from space 1856K, 100% used [0x00000000c0090000, 0x00000000c0260000, 0x00000000c0260000)
  to   space 1856K,   0% used [0x00000000c0260000, 0x00000000c0260000, 0x00000000c0430000)
 tenured generation   total 37184K, used 9692K [0x00000000d14a0000, 0x00000000d38f0000, 0x00000000f5a00000)
   the space 37184K,  26% used [0x00000000d14a0000, 0x00000000d1e17260, 0x00000000d1e17400, 0x00000000d38f0000)
 compacting perm gen  total 21248K, used 6554K [0x00000000f5a00000, 0x00000000f6ec0000, 0x0000000100000000)
   the space 21248K,  30% used [0x00000000f5a00000, 0x00000000f6066918, 0x00000000f6066a00, 0x00000000f6ec0000)
No shared spaces configured.
Event: 496.582 GC heap after
Heap after GC invocations=43 (full 4):
 def new generation   total 16768K, used 1855K [0x00000000bf200000, 0x00000000c0430000, 0x00000000d14a0000)
  eden space 14912K,   0% used [0x00000000bf200000, 0x00000000bf200000, 0x00000000c0090000)
  from space 1856K,  99% used [0x00000000c0260000, 0x00000000c042fff8, 0x00000000c0430000)
  to   space 1856K,   0% used [0x00000000c0090000, 0x00000000c0090000, 0x00000000c0260000)
 tenured generation   total 37184K, used 12875K [0x00000000d14a0000, 0x00000000d38f0000, 0x00000000f5a00000)
   the space 37184K,  34% used [0x00000000d14a0000, 0x00000000d2132fe0, 0x00000000d2133000, 0x00000000d38f0000)
 compacting perm gen  total 21248K, used 6554K [0x00000000f5a00000, 0x00000000f6ec0000, 0x0000000100000000)
   the space 21248K,  30% used [0x00000000f5a00000, 0x00000000f6066918, 0x00000000f6066a00, 0x00000000f6ec0000)
No shared spaces configured.
}
Event: 508.118 GC heap before
{Heap before GC invocations=43 (full 4):
 def new generation   total 16768K, used 16767K [0x00000000bf200000, 0x00000000c0430000, 0x00000000d14a0000)
  eden space 14912K, 100% used [0x00000000bf200000, 0x00000000c0090000, 0x00000000c0090000)
  from space 1856K,  99% used [0x00000000c0260000, 0x00000000c042fff8, 0x00000000c0430000)
  to   space 1856K,   0% used [0x00000000c0090000, 0x00000000c0090000, 0x00000000c0260000)
 tenured generation   total 37184K, used 12875K [0x00000000d14a0000, 0x00000000d38f0000, 0x00000000f5a00000)
   the space 37184K,  34% used [0x00000000d14a0000, 0x00000000d2132fe0, 0x00000000d2133000, 0x00000000d38f0000)
 compacting perm gen  total 21248K, used 6554K [0x00000000f5a00000, 0x00000000f6ec0000, 0x0000000100000000)
   the space 21248K,  30% used [0x00000000f5a00000, 0x00000000f6066ab8, 0x00000000f6066c00, 0x00000000f6ec0000)
No shared spaces configured.
Event: 508.128 GC heap after
Heap after GC invocations=44 (full 4):
 def new generation   total 16768K, used 1856K [0x00000000bf200000, 0x00000000c0430000, 0x00000000d14a0000)
  eden space 14912K,   0% used [0x00000000bf200000, 0x00000000bf200000, 0x00000000c0090000)
  from space 1856K, 100% used [0x00000000c0090000, 0x00000000c0260000, 0x00000000c0260000)
  to   space 1856K,   0% used [0x00000000c0260000, 0x00000000c0260000, 0x00000000c0430000)
 tenured generation   total 37184K, used 16012K [0x00000000d14a0000, 0x00000000d38f0000, 0x00000000f5a00000)
   the space 37184K,  43% used [0x00000000d14a0000, 0x00000000d2443168, 0x00000000d2443200, 0x00000000d38f0000)
 compacting perm gen  total 21248K, used 6554K [0x00000000f5a00000, 0x00000000f6ec0000, 0x0000000100000000)
   the space 21248K,  30% used [0x00000000f5a00000, 0x00000000f6066ab8, 0x00000000f6066c00, 0x00000000f6ec0000)
No shared spaces configured.
}
Event: 519.821 GC heap before
{Heap before GC invocations=44 (full 4):
 def new generation   total 16768K, used 16768K [0x00000000bf200000, 0x00000000c0430000, 0x00000000d14a0000)
  eden space 14912K, 100% used [0x00000000bf200000, 0x00000000c0090000, 0x00000000c0090000)
  from space 1856K, 100% used [0x00000000c0090000, 0x00000000c0260000, 0x00000000c0260000)
  to   space 1856K,   0% used [0x00000000c0260000, 0x00000000c0260000, 0x00000000c0430000)
 tenured generation   total 37184K, used 16012K [0x00000000d14a0000, 0x00000000d38f0000, 0x00000000f5a00000)
   the space 37184K,  43% used [0x00000000d14a0000, 0x00000000d2443168, 0x00000000d2443200, 0x00000000d38f0000)
 compacting perm gen  total 21248K, used 6554K [0x00000000f5a00000, 0x00000000f6ec0000, 0x0000000100000000)
   the space 21248K,  30% used [0x00000000f5a00000, 0x00000000f6066bb8, 0x00000000f6066c00, 0x00000000f6ec0000)
No shared spaces configured.
Event: 519.838 GC heap after
Heap after GC invocations=45 (full 4):
 def new generation   total 16768K, used 1856K [0x00000000bf200000, 0x00000000c0430000, 0x00000000d14a0000)
  eden space 14912K,   0% used [0x00000000bf200000, 0x00000000bf200000, 0x00000000c0090000)
  from space 1856K, 100% used [0x00000000c0260000, 0x00000000c0430000, 0x00000000c0430000)
  to   space 1856K,   0% used [0x00000000c0090000, 0x00000000c0090000, 0x00000000c0260000)
 tenured generation   total 37184K, used 19175K [0x00000000d14a0000, 0x00000000d38f0000, 0x00000000f5a00000)
   the space 37184K,  51% used [0x00000000d14a0000, 0x00000000d2759f08, 0x00000000d275a000, 0x00000000d38f0000)
 compacting perm gen  total 21248K, used 6554K [0x00000000f5a00000, 0x00000000f6ec0000, 0x0000000100000000)
   the space 21248K,  30% used [0x00000000f5a00000, 0x00000000f6066bb8, 0x00000000f6066c00, 0x00000000f6ec0000)
No shared spaces configured.
}
Event: 531.614 GC heap before
{Heap before GC invocations=45 (full 4):
 def new generation   total 16768K, used 16768K [0x00000000bf200000, 0x00000000c0430000, 0x00000000d14a0000)
  eden space 14912K, 100% used [0x00000000bf200000, 0x00000000c0090000, 0x00000000c0090000)
  from space 1856K, 100% used [0x00000000c0260000, 0x00000000c0430000, 0x00000000c0430000)
  to   space 1856K,   0% used [0x00000000c0090000, 0x00000000c0090000, 0x00000000c0260000)
 tenured generation   total 37184K, used 19175K [0x00000000d14a0000, 0x00000000d38f0000, 0x00000000f5a00000)
   the space 37184K,  51% used [0x00000000d14a0000, 0x00000000d2759f08, 0x00000000d275a000, 0x00000000d38f0000)
 compacting perm gen  total 21248K, used 6555K [0x00000000f5a00000, 0x00000000f6ec0000, 0x0000000100000000)
   the space 21248K,  30% used [0x00000000f5a00000, 0x00000000f6066d40, 0x00000000f6066e00, 0x00000000f6ec0000)
No shared spaces configured.
Event: 531.626 GC heap after
Heap after GC invocations=46 (full 4):
 def new generation   total 16768K, used 1855K [0x00000000bf200000, 0x00000000c0430000, 0x00000000d14a0000)
  eden space 14912K,   0% used [0x00000000bf200000, 0x00000000bf200000, 0x00000000c0090000)
  from space 1856K,  99% used [0x00000000c0090000, 0x00000000c025fff8, 0x00000000c0260000)
  to   space 1856K,   0% used [0x00000000c0260000, 0x00000000c0260000, 0x00000000c0430000)
 tenured generation   total 37184K, used 22345K [0x00000000d14a0000, 0x00000000d38f0000, 0x00000000f5a00000)
   the space 37184K,  60% used [0x00000000d14a0000, 0x00000000d2a72648, 0x00000000d2a72800, 0x00000000d38f0000)
 compacting perm gen  total 21248K, used 6555K [0x00000000f5a00000, 0x00000000f6ec0000, 0x0000000100000000)
   the space 21248K,  30% used [0x00000000f5a00000, 0x00000000f6066d40, 0x00000000f6066e00, 0x00000000f6ec0000)
No shared spaces configured.
}
Event: 543.691 GC heap before
{Heap before GC invocations=46 (full 4):
 def new generation   total 16768K, used 16767K [0x00000000bf200000, 0x00000000c0430000, 0x00000000d14a0000)
  eden space 14912K, 100% used [0x00000000bf200000, 0x00000000c0090000, 0x00000000c0090000)
  from space 1856K,  99% used [0x00000000c0090000, 0x00000000c025fff8, 0x00000000c0260000)
  to   space 1856K,   0% used [0x00000000c0260000, 0x00000000c0260000, 0x00000000c0430000)
 tenured generation   total 37184K, used 22345K [0x00000000d14a0000, 0x00000000d38f0000, 0x00000000f5a00000)
   the space 37184K,  60% used [0x00000000d14a0000, 0x00000000d2a72648, 0x00000000d2a72800, 0x00000000d38f0000)
 compacting perm gen  total 21248K, used 6555K [0x00000000f5a00000, 0x00000000f6ec0000, 0x0000000100000000)
   the space 21248K,  30% used [0x00000000f5a00000, 0x00000000f6066d40, 0x00000000f6066e00, 0x00000000f6ec0000)
No shared spaces configured.
Event: 543.700 GC heap after
Heap after GC invocations=47 (full 4):
 def new generation   total 16768K, used 1856K [0x00000000bf200000, 0x00000000c0430000, 0x00000000d14a0000)
  eden space 14912K,   0% used [0x00000000bf200000, 0x00000000bf200000, 0x00000000c0090000)
  from space 1856K, 100% used [0x00000000c0260000, 0x00000000c0430000, 0x00000000c0430000)
  to   space 1856K,   0% used [0x00000000c0090000, 0x00000000c0090000, 0x00000000c0260000)
 tenured generation   total 37184K, used 25497K [0x00000000d14a0000, 0x00000000d38f0000, 0x00000000f5a00000)
   the space 37184K,  68% used [0x00000000d14a0000, 0x00000000d2d866c0, 0x00000000d2d86800, 0x00000000d38f0000)
 compacting perm gen  total 21248K, used 6555K [0x00000000f5a00000, 0x00000000f6ec0000, 0x0000000100000000)
   the space 21248K,  30% used [0x00000000f5a00000, 0x00000000f6066d40, 0x00000000f6066e00, 0x00000000f6ec0000)
No shared spaces configured.
}

