# JRE version: OpenJDK Runtime Environment (7.0_65-b32) (build 1.7.0_65-b32)
# Java VM: OpenJDK 64-Bit Server VM (24.65-b04 mixed mode linux-amd64 compressed oops)
Heap
 def new generation   total 48320K, used 863K [0x00000000a9200000, 0x00000000ac660000, 0x00000000c2a00000)
  eden space 43008K,   2% used [0x00000000a9200000, 0x00000000a92d7cd0, 0x00000000abc00000)
  from space 5312K,   0% used [0x00000000abc00000, 0x00000000abc00000, 0x00000000ac130000)
  to   space 5312K,   0% used [0x00000000ac130000, 0x00000000ac130000, 0x00000000ac660000)
 tenured generation   total 107216K, used 37192K [0x00000000c2a00000, 0x00000000c92b4000, 0x00000000f5a00000)
   the space 107216K,  34% used [0x00000000c2a00000, 0x00000000c4e52138, 0x00000000c4e52200, 0x00000000c92b4000)
 compacting perm gen  total 21248K, used 6983K [0x00000000f5a00000, 0x00000000f6ec0000, 0x0000000100000000)
   the space 21248K,  32% used [0x00000000f5a00000, 0x00000000f60d1fd0, 0x00000000f60d2000, 0x00000000f6ec0000)
GC Heap History (10 events):
Event: 3509.390 GC heap before
{Heap before GC invocations=73 (full 11):
 def new generation   total 48320K, used 48320K [0x00000000a9200000, 0x00000000ac660000, 0x00000000c2a00000)
  eden space 43008K, 100% used [0x00000000a9200000, 0x00000000abc00000, 0x00000000abc00000)
  from space 5312K, 100% used [0x00000000ac130000, 0x00000000ac660000, 0x00000000ac660000)
  to   space 5312K,   0% used [0x00000000abc00000, 0x00000000abc00000, 0x00000000ac130000)
 tenured generation   total 107216K, used 59360K [0x00000000c2a00000, 0x00000000c92b4000, 0x00000000f5a00000)
   the space 107216K,  55% used [0x00000000c2a00000, 0x00000000c63f8130, 0x00000000c63f8200, 0x00000000c92b4000)
 compacting perm gen  total 21248K, used 6983K [0x00000000f5a00000, 0x00000000f6ec0000, 0x0000000100000000)
   the space 21248K,  32% used [0x00000000f5a00000, 0x00000000f60d1e88, 0x00000000f60d2000, 0x00000000f6ec0000)
No shared spaces configured.
Event: 3509.447 GC heap after
Heap after GC invocations=74 (full 11):
 def new generation   total 48320K, used 5311K [0x00000000a9200000, 0x00000000ac660000, 0x00000000c2a00000)
  eden space 43008K,   0% used [0x00000000a9200000, 0x00000000a9200000, 0x00000000abc00000)
  from space 5312K,  99% used [0x00000000abc00000, 0x00000000ac12fff8, 0x00000000ac130000)
  to   space 5312K,   0% used [0x00000000ac130000, 0x00000000ac130000, 0x00000000ac660000)
 tenured generation   total 107216K, used 69794K [0x00000000c2a00000, 0x00000000c92b4000, 0x00000000f5a00000)
   the space 107216K,  65% used [0x00000000c2a00000, 0x00000000c6e28b78, 0x00000000c6e28c00, 0x00000000c92b4000)
 compacting perm gen  total 21248K, used 6983K [0x00000000f5a00000, 0x00000000f6ec0000, 0x0000000100000000)
   the space 21248K,  32% used [0x00000000f5a00000, 0x00000000f60d1e88, 0x00000000f60d2000, 0x00000000f6ec0000)
No shared spaces configured.
}
Event: 3556.931 GC heap before
{Heap before GC invocations=74 (full 11):
 def new generation   total 48320K, used 48319K [0x00000000a9200000, 0x00000000ac660000, 0x00000000c2a00000)
  eden space 43008K, 100% used [0x00000000a9200000, 0x00000000abc00000, 0x00000000abc00000)
  from space 5312K,  99% used [0x00000000abc00000, 0x00000000ac12fff8, 0x00000000ac130000)
  to   space 5312K,   0% used [0x00000000ac130000, 0x00000000ac130000, 0x00000000ac660000)
 tenured generation   total 107216K, used 69794K [0x00000000c2a00000, 0x00000000c92b4000, 0x00000000f5a00000)
   the space 107216K,  65% used [0x00000000c2a00000, 0x00000000c6e28b78, 0x00000000c6e28c00, 0x00000000c92b4000)
 compacting perm gen  total 21248K, used 6983K [0x00000000f5a00000, 0x00000000f6ec0000, 0x0000000100000000)
   the space 21248K,  32% used [0x00000000f5a00000, 0x00000000f60d1e88, 0x00000000f60d2000, 0x00000000f6ec0000)
No shared spaces configured.
Event: 3556.979 GC heap after
Heap after GC invocations=75 (full 11):
 def new generation   total 48320K, used 5312K [0x00000000a9200000, 0x00000000ac660000, 0x00000000c2a00000)
  eden space 43008K,   0% used [0x00000000a9200000, 0x00000000a9200000, 0x00000000abc00000)
  from space 5312K, 100% used [0x00000000ac130000, 0x00000000ac660000, 0x00000000ac660000)
  to   space 5312K,   0% used [0x00000000abc00000, 0x00000000abc00000, 0x00000000ac130000)
 tenured generation   total 107216K, used 80238K [0x00000000c2a00000, 0x00000000c92b4000, 0x00000000f5a00000)
   the space 107216K,  74% used [0x00000000c2a00000, 0x00000000c785baa0, 0x00000000c785bc00, 0x00000000c92b4000)
 compacting perm gen  total 21248K, used 6983K [0x00000000f5a00000, 0x00000000f6ec0000, 0x0000000100000000)
   the space 21248K,  32% used [0x00000000f5a00000, 0x00000000f60d1e88, 0x00000000f60d2000, 0x00000000f6ec0000)
No shared spaces configured.
}
Event: 3606.851 GC heap before
{Heap before GC invocations=75 (full 11):
 def new generation   total 48320K, used 48320K [0x00000000a9200000, 0x00000000ac660000, 0x00000000c2a00000)
  eden space 43008K, 100% used [0x00000000a9200000, 0x00000000abc00000, 0x00000000abc00000)
  from space 5312K, 100% used [0x00000000ac130000, 0x00000000ac660000, 0x00000000ac660000)
  to   space 5312K,   0% used [0x00000000abc00000, 0x00000000abc00000, 0x00000000ac130000)
 tenured generation   total 107216K, used 80238K [0x00000000c2a00000, 0x00000000c92b4000, 0x00000000f5a00000)
   the space 107216K,  74% used [0x00000000c2a00000, 0x00000000c785baa0, 0x00000000c785bc00, 0x00000000c92b4000)
 compacting perm gen  total 21248K, used 6983K [0x00000000f5a00000, 0x00000000f6ec0000, 0x0000000100000000)
   the space 21248K,  32% used [0x00000000f5a00000, 0x00000000f60d1f90, 0x00000000f60d2000, 0x00000000f6ec0000)
No shared spaces configured.
Event: 3606.897 GC heap after
Heap after GC invocations=76 (full 11):
 def new generation   total 48320K, used 5312K [0x00000000a9200000, 0x00000000ac660000, 0x00000000c2a00000)
  eden space 43008K,   0% used [0x00000000a9200000, 0x00000000a9200000, 0x00000000abc00000)
  from space 5312K, 100% used [0x00000000abc00000, 0x00000000ac130000, 0x00000000ac130000)
  to   space 5312K,   0% used [0x00000000ac130000, 0x00000000ac130000, 0x00000000ac660000)
 tenured generation   total 107216K, used 90624K [0x00000000c2a00000, 0x00000000c92b4000, 0x00000000f5a00000)
   the space 107216K,  84% used [0x00000000c2a00000, 0x00000000c8280390, 0x00000000c8280400, 0x00000000c92b4000)
 compacting perm gen  total 21248K, used 6983K [0x00000000f5a00000, 0x00000000f6ec0000, 0x0000000100000000)
   the space 21248K,  32% used [0x00000000f5a00000, 0x00000000f60d1f90, 0x00000000f60d2000, 0x00000000f6ec0000)
No shared spaces configured.
}
Event: 3656.713 GC heap before
{Heap before GC invocations=76 (full 11):
 def new generation   total 48320K, used 48320K [0x00000000a9200000, 0x00000000ac660000, 0x00000000c2a00000)
  eden space 43008K, 100% used [0x00000000a9200000, 0x00000000abc00000, 0x00000000abc00000)
  from space 5312K, 100% used [0x00000000abc00000, 0x00000000ac130000, 0x00000000ac130000)
  to   space 5312K,   0% used [0x00000000ac130000, 0x00000000ac130000, 0x00000000ac660000)
 tenured generation   total 107216K, used 90624K [0x00000000c2a00000, 0x00000000c92b4000, 0x00000000f5a00000)
   the space 107216K,  84% used [0x00000000c2a00000, 0x00000000c8280390, 0x00000000c8280400, 0x00000000c92b4000)
 compacting perm gen  total 21248K, used 6983K [0x00000000f5a00000, 0x00000000f6ec0000, 0x0000000100000000)
   the space 21248K,  32% used [0x00000000f5a00000, 0x00000000f60d1f90, 0x00000000f60d2000, 0x00000000f6ec0000)
No shared spaces configured.
Event: 3656.769 GC heap after
Heap after GC invocations=77 (full 11):
 def new generation   total 48320K, used 5312K [0x00000000a9200000, 0x00000000ac660000, 0x00000000c2a00000)
  eden space 43008K,   0% used [0x00000000a9200000, 0x00000000a9200000, 0x00000000abc00000)
  from space 5312K, 100% used [0x00000000ac130000, 0x00000000ac660000, 0x00000000ac660000)
  to   space 5312K,   0% used [0x00000000abc00000, 0x00000000abc00000, 0x00000000ac130000)
 tenured generation   total 107216K, used 100905K [0x00000000c2a00000, 0x00000000c92b4000, 0x00000000f5a00000)
   the space 107216K,  94% used [0x00000000c2a00000, 0x00000000c8c8a498, 0x00000000c8c8a600, 0x00000000c92b4000)
 compacting perm gen  total 21248K, used 6983K [0x00000000f5a00000, 0x00000000f6ec0000, 0x0000000100000000)
   the space 21248K,  32% used [0x00000000f5a00000, 0x00000000f60d1f90, 0x00000000f60d2000, 0x00000000f6ec0000)
No shared spaces configured.
}
Event: 3703.937 GC heap before
{Heap before GC invocations=77 (full 11):
 def new generation   total 48320K, used 48320K [0x00000000a9200000, 0x00000000ac660000, 0x00000000c2a00000)
  eden space 43008K, 100% used [0x00000000a9200000, 0x00000000abc00000, 0x00000000abc00000)
  from space 5312K, 100% used [0x00000000ac130000, 0x00000000ac660000, 0x00000000ac660000)
  to   space 5312K,   0% used [0x00000000abc00000, 0x00000000abc00000, 0x00000000ac130000)
 tenured generation   total 107216K, used 100905K [0x00000000c2a00000, 0x00000000c92b4000, 0x00000000f5a00000)
   the space 107216K,  94% used [0x00000000c2a00000, 0x00000000c8c8a498, 0x00000000c8c8a600, 0x00000000c92b4000)
 compacting perm gen  total 21248K, used 6984K [0x00000000f5a00000, 0x00000000f6ec0000, 0x0000000100000000)
   the space 21248K,  32% used [0x00000000f5a00000, 0x00000000f60d2050, 0x00000000f60d2200, 0x00000000f6ec0000)
No shared spaces configured.
Event: 3704.173 GC heap after
Heap after GC invocations=78 (full 12):
 def new generation   total 48320K, used 0K [0x00000000a9200000, 0x00000000ac660000, 0x00000000c2a00000)
  eden space 43008K,   0% used [0x00000000a9200000, 0x00000000a9200000, 0x00000000abc00000)
  from space 5312K,   0% used [0x00000000abc00000, 0x00000000abc00000, 0x00000000ac130000)
  to   space 5312K,   0% used [0x00000000ac130000, 0x00000000ac130000, 0x00000000ac660000)
 tenured generation   total 107216K, used 37192K [0x00000000c2a00000, 0x00000000c92b4000, 0x00000000f5a00000)
   the space 107216K,  34% used [0x00000000c2a00000, 0x00000000c4e52138, 0x00000000c4e52200, 0x00000000c92b4000)
 compacting perm gen  total 21248K, used 6983K [0x00000000f5a00000, 0x00000000f6ec0000, 0x0000000100000000)
   the space 21248K,  32% used [0x00000000f5a00000, 0x00000000f60d1fd0, 0x00000000f60d2000, 0x00000000f6ec0000)
No shared spaces configured.
}

