# JRE version: OpenJDK Runtime Environment (7.0_65-b32) (build 1.7.0_65-b32)
# Java VM: OpenJDK 64-Bit Server VM (24.65-b04 mixed mode linux-amd64 compressed oops)
Heap
 def new generation   total 37888K, used 4838K [0x00000000bf200000, 0x00000000c1b10000, 0x00000000d14a0000)
  eden space 33728K,   2% used [0x00000000bf200000, 0x00000000bf2a9b18, 0x00000000c12f0000)
  from space 4160K,  99% used [0x00000000c1700000, 0x00000000c1b0fff8, 0x00000000c1b10000)
  to   space 4160K,   0% used [0x00000000c12f0000, 0x00000000c12f0000, 0x00000000c1700000)
 tenured generation   total 84032K, used 42125K [0x00000000d14a0000, 0x00000000d66b0000, 0x00000000f5a00000)
   the space 84032K,  50% used [0x00000000d14a0000, 0x00000000d3dc3680, 0x00000000d3dc3800, 0x00000000d66b0000)
 compacting perm gen  total 21248K, used 7053K [0x00000000f5a00000, 0x00000000f6ec0000, 0x0000000100000000)
   the space 21248K,  33% used [0x00000000f5a00000, 0x00000000f60e3718, 0x00000000f60e3800, 0x00000000f6ec0000)
GC Heap History (10 events):
Event: 3244.460 GC heap before
{Heap before GC invocations=92 (full 15):
 def new generation   total 37888K, used 37887K [0x00000000bf200000, 0x00000000c1b10000, 0x00000000d14a0000)
  eden space 33728K, 100% used [0x00000000bf200000, 0x00000000c12f0000, 0x00000000c12f0000)
  from space 4160K,  99% used [0x00000000c12f0000, 0x00000000c16ffff8, 0x00000000c1700000)
  to   space 4160K,   0% used [0x00000000c1700000, 0x00000000c1700000, 0x00000000c1b10000)
 tenured generation   total 84032K, used 51786K [0x00000000d14a0000, 0x00000000d66b0000, 0x00000000f5a00000)
   the space 84032K,  61% used [0x00000000d14a0000, 0x00000000d4732b68, 0x00000000d4732c00, 0x00000000d66b0000)
 compacting perm gen  total 21248K, used 7051K [0x00000000f5a00000, 0x00000000f6ec0000, 0x0000000100000000)
   the space 21248K,  33% used [0x00000000f5a00000, 0x00000000f60e2e80, 0x00000000f60e3000, 0x00000000f6ec0000)
No shared spaces configured.
Event: 3244.505 GC heap after
Heap after GC invocations=93 (full 15):
 def new generation   total 37888K, used 4159K [0x00000000bf200000, 0x00000000c1b10000, 0x00000000d14a0000)
  eden space 33728K,   0% used [0x00000000bf200000, 0x00000000bf200000, 0x00000000c12f0000)
  from space 4160K,  99% used [0x00000000c1700000, 0x00000000c1b0fff8, 0x00000000c1b10000)
  to   space 4160K,   0% used [0x00000000c12f0000, 0x00000000c12f0000, 0x00000000c1700000)
 tenured generation   total 84032K, used 60205K [0x00000000d14a0000, 0x00000000d66b0000, 0x00000000f5a00000)
   the space 84032K,  71% used [0x00000000d14a0000, 0x00000000d4f6b420, 0x00000000d4f6b600, 0x00000000d66b0000)
 compacting perm gen  total 21248K, used 7051K [0x00000000f5a00000, 0x00000000f6ec0000, 0x0000000100000000)
   the space 21248K,  33% used [0x00000000f5a00000, 0x00000000f60e2e80, 0x00000000f60e3000, 0x00000000f6ec0000)
No shared spaces configured.
}
Event: 3271.657 GC heap before
{Heap before GC invocations=93 (full 15):
 def new generation   total 37888K, used 37887K [0x00000000bf200000, 0x00000000c1b10000, 0x00000000d14a0000)
  eden space 33728K, 100% used [0x00000000bf200000, 0x00000000c12f0000, 0x00000000c12f0000)
  from space 4160K,  99% used [0x00000000c1700000, 0x00000000c1b0fff8, 0x00000000c1b10000)
  to   space 4160K,   0% used [0x00000000c12f0000, 0x00000000c12f0000, 0x00000000c1700000)
 tenured generation   total 84032K, used 60205K [0x00000000d14a0000, 0x00000000d66b0000, 0x00000000f5a00000)
   the space 84032K,  71% used [0x00000000d14a0000, 0x00000000d4f6b420, 0x00000000d4f6b600, 0x00000000d66b0000)
 compacting perm gen  total 21248K, used 7052K [0x00000000f5a00000, 0x00000000f6ec0000, 0x0000000100000000)
   the space 21248K,  33% used [0x00000000f5a00000, 0x00000000f60e32c8, 0x00000000f60e3400, 0x00000000f6ec0000)
No shared spaces configured.
Event: 3271.698 GC heap after
Heap after GC invocations=94 (full 15):
 def new generation   total 37888K, used 4159K [0x00000000bf200000, 0x00000000c1b10000, 0x00000000d14a0000)
  eden space 33728K,   0% used [0x00000000bf200000, 0x00000000bf200000, 0x00000000c12f0000)
  from space 4160K,  99% used [0x00000000c12f0000, 0x00000000c16ffff8, 0x00000000c1700000)
  to   space 4160K,   0% used [0x00000000c1700000, 0x00000000c1700000, 0x00000000c1b10000)
 tenured generation   total 84032K, used 68648K [0x00000000d14a0000, 0x00000000d66b0000, 0x00000000f5a00000)
   the space 84032K,  81% used [0x00000000d14a0000, 0x00000000d57aa240, 0x00000000d57aa400, 0x00000000d66b0000)
 compacting perm gen  total 21248K, used 7052K [0x00000000f5a00000, 0x00000000f6ec0000, 0x0000000100000000)
   the space 21248K,  33% used [0x00000000f5a00000, 0x00000000f60e32c8, 0x00000000f60e3400, 0x00000000f6ec0000)
No shared spaces configured.
}
Event: 3298.657 GC heap before
{Heap before GC invocations=94 (full 15):
 def new generation   total 37888K, used 37887K [0x00000000bf200000, 0x00000000c1b10000, 0x00000000d14a0000)
  eden space 33728K, 100% used [0x00000000bf200000, 0x00000000c12f0000, 0x00000000c12f0000)
  from space 4160K,  99% used [0x00000000c12f0000, 0x00000000c16ffff8, 0x00000000c1700000)
  to   space 4160K,   0% used [0x00000000c1700000, 0x00000000c1700000, 0x00000000c1b10000)
 tenured generation   total 84032K, used 68648K [0x00000000d14a0000, 0x00000000d66b0000, 0x00000000f5a00000)
   the space 84032K,  81% used [0x00000000d14a0000, 0x00000000d57aa240, 0x00000000d57aa400, 0x00000000d66b0000)
 compacting perm gen  total 21248K, used 7053K [0x00000000f5a00000, 0x00000000f6ec0000, 0x0000000100000000)
   the space 21248K,  33% used [0x00000000f5a00000, 0x00000000f60e34a0, 0x00000000f60e3600, 0x00000000f6ec0000)
No shared spaces configured.
Event: 3298.692 GC heap after
Heap after GC invocations=95 (full 15):
 def new generation   total 37888K, used 4160K [0x00000000bf200000, 0x00000000c1b10000, 0x00000000d14a0000)
  eden space 33728K,   0% used [0x00000000bf200000, 0x00000000bf200000, 0x00000000c12f0000)
  from space 4160K, 100% used [0x00000000c1700000, 0x00000000c1b10000, 0x00000000c1b10000)
  to   space 4160K,   0% used [0x00000000c12f0000, 0x00000000c12f0000, 0x00000000c1700000)
 tenured generation   total 84032K, used 77002K [0x00000000d14a0000, 0x00000000d66b0000, 0x00000000f5a00000)
   the space 84032K,  91% used [0x00000000d14a0000, 0x00000000d5fd2a10, 0x00000000d5fd2c00, 0x00000000d66b0000)
 compacting perm gen  total 21248K, used 7053K [0x00000000f5a00000, 0x00000000f6ec0000, 0x0000000100000000)
   the space 21248K,  33% used [0x00000000f5a00000, 0x00000000f60e34a0, 0x00000000f60e3600, 0x00000000f6ec0000)
No shared spaces configured.
}
Event: 3326.998 GC heap before
{Heap before GC invocations=95 (full 15):
 def new generation   total 37888K, used 37888K [0x00000000bf200000, 0x00000000c1b10000, 0x00000000d14a0000)
  eden space 33728K, 100% used [0x00000000bf200000, 0x00000000c12f0000, 0x00000000c12f0000)
  from space 4160K, 100% used [0x00000000c1700000, 0x00000000c1b10000, 0x00000000c1b10000)
  to   space 4160K,   0% used [0x00000000c12f0000, 0x00000000c12f0000, 0x00000000c1700000)
 tenured generation   total 84032K, used 77002K [0x00000000d14a0000, 0x00000000d66b0000, 0x00000000f5a00000)
   the space 84032K,  91% used [0x00000000d14a0000, 0x00000000d5fd2a10, 0x00000000d5fd2c00, 0x00000000d66b0000)
 compacting perm gen  total 21248K, used 7053K [0x00000000f5a00000, 0x00000000f6ec0000, 0x0000000100000000)
   the space 21248K,  33% used [0x00000000f5a00000, 0x00000000f60e3758, 0x00000000f60e3800, 0x00000000f6ec0000)
No shared spaces configured.
Event: 3327.173 GC heap after
Heap after GC invocations=96 (full 16):
 def new generation   total 37888K, used 0K [0x00000000bf200000, 0x00000000c1b10000, 0x00000000d14a0000)
  eden space 33728K,   0% used [0x00000000bf200000, 0x00000000bf200000, 0x00000000c12f0000)
  from space 4160K,   0% used [0x00000000c12f0000, 0x00000000c12f0000, 0x00000000c1700000)
  to   space 4160K,   0% used [0x00000000c1700000, 0x00000000c1700000, 0x00000000c1b10000)
 tenured generation   total 84032K, used 34036K [0x00000000d14a0000, 0x00000000d66b0000, 0x00000000f5a00000)
   the space 84032K,  40% used [0x00000000d14a0000, 0x00000000d35dd310, 0x00000000d35dd400, 0x00000000d66b0000)
 compacting perm gen  total 21248K, used 7053K [0x00000000f5a00000, 0x00000000f6ec0000, 0x0000000100000000)
   the space 21248K,  33% used [0x00000000f5a00000, 0x00000000f60e3718, 0x00000000f60e3800, 0x00000000f6ec0000)
No shared spaces configured.
}
Event: 3355.258 GC heap before
{Heap before GC invocations=96 (full 16):
 def new generation   total 37888K, used 33728K [0x00000000bf200000, 0x00000000c1b10000, 0x00000000d14a0000)
  eden space 33728K, 100% used [0x00000000bf200000, 0x00000000c12f0000, 0x00000000c12f0000)
  from space 4160K,   0% used [0x00000000c12f0000, 0x00000000c12f0000, 0x00000000c1700000)
  to   space 4160K,   0% used [0x00000000c1700000, 0x00000000c1700000, 0x00000000c1b10000)
 tenured generation   total 84032K, used 34036K [0x00000000d14a0000, 0x00000000d66b0000, 0x00000000f5a00000)
   the space 84032K,  40% used [0x00000000d14a0000, 0x00000000d35dd310, 0x00000000d35dd400, 0x00000000d66b0000)
 compacting perm gen  total 21248K, used 7053K [0x00000000f5a00000, 0x00000000f6ec0000, 0x0000000100000000)
   the space 21248K,  33% used [0x00000000f5a00000, 0x00000000f60e3718, 0x00000000f60e3800, 0x00000000f6ec0000)
No shared spaces configured.
Event: 3355.301 GC heap after
Heap after GC invocations=97 (full 16):
 def new generation   total 37888K, used 4159K [0x00000000bf200000, 0x00000000c1b10000, 0x00000000d14a0000)
  eden space 33728K,   0% used [0x00000000bf200000, 0x00000000bf200000, 0x00000000c12f0000)
  from space 4160K,  99% used [0x00000000c1700000, 0x00000000c1b0fff8, 0x00000000c1b10000)
  to   space 4160K,   0% used [0x00000000c12f0000, 0x00000000c12f0000, 0x00000000c1700000)
 tenured generation   total 84032K, used 42125K [0x00000000d14a0000, 0x00000000d66b0000, 0x00000000f5a00000)
   the space 84032K,  50% used [0x00000000d14a0000, 0x00000000d3dc3680, 0x00000000d3dc3800, 0x00000000d66b0000)
 compacting perm gen  total 21248K, used 7053K [0x00000000f5a00000, 0x00000000f6ec0000, 0x0000000100000000)
   the space 21248K,  33% used [0x00000000f5a00000, 0x00000000f60e3718, 0x00000000f60e3800, 0x00000000f6ec0000)
No shared spaces configured.
}

