# JRE version: OpenJDK Runtime Environment (7.0_65-b32) (build 1.7.0_65-b32)
# Java VM: OpenJDK 64-Bit Server VM (24.65-b04 mixed mode linux-amd64 compressed oops)
Heap
 def new generation   total 48320K, used 6175K [0x00000000a9200000, 0x00000000ac660000, 0x00000000c2a00000)
  eden space 43008K,   2% used [0x00000000a9200000, 0x00000000a92d7f68, 0x00000000abc00000)
  from space 5312K, 100% used [0x00000000ac130000, 0x00000000ac660000, 0x00000000ac660000)
  to   space 5312K,   0% used [0x00000000abc00000, 0x00000000abc00000, 0x00000000ac130000)
 tenured generation   total 107228K, used 100878K [0x00000000c2a00000, 0x00000000c92b7000, 0x00000000f5a00000)
   the space 107228K,  94% used [0x00000000c2a00000, 0x00000000c8c83aa8, 0x00000000c8c83c00, 0x00000000c92b7000)
 compacting perm gen  total 21248K, used 6976K [0x00000000f5a00000, 0x00000000f6ec0000, 0x0000000100000000)
   the space 21248K,  32% used [0x00000000f5a00000, 0x00000000f60d02c0, 0x00000000f60d0400, 0x00000000f6ec0000)
GC Heap History (10 events):
Event: 3242.643 GC heap before
{Heap before GC invocations=72 (full 11):
 def new generation   total 48320K, used 48319K [0x00000000a9200000, 0x00000000ac660000, 0x00000000c2a00000)
  eden space 43008K, 100% used [0x00000000a9200000, 0x00000000abc00000, 0x00000000abc00000)
  from space 5312K,  99% used [0x00000000abc00000, 0x00000000ac12fff8, 0x00000000ac130000)
  to   space 5312K,   0% used [0x00000000ac130000, 0x00000000ac130000, 0x00000000ac660000)
 tenured generation   total 107228K, used 48847K [0x00000000c2a00000, 0x00000000c92b7000, 0x00000000f5a00000)
   the space 107228K,  45% used [0x00000000c2a00000, 0x00000000c59b3d30, 0x00000000c59b3e00, 0x00000000c92b7000)
 compacting perm gen  total 21248K, used 6975K [0x00000000f5a00000, 0x00000000f6ec0000, 0x0000000100000000)
   the space 21248K,  32% used [0x00000000f5a00000, 0x00000000f60cff98, 0x00000000f60d0000, 0x00000000f6ec0000)
No shared spaces configured.
Event: 3242.712 GC heap after
Heap after GC invocations=73 (full 11):
 def new generation   total 48320K, used 5312K [0x00000000a9200000, 0x00000000ac660000, 0x00000000c2a00000)
  eden space 43008K,   0% used [0x00000000a9200000, 0x00000000a9200000, 0x00000000abc00000)
  from space 5312K, 100% used [0x00000000ac130000, 0x00000000ac660000, 0x00000000ac660000)
  to   space 5312K,   0% used [0x00000000abc00000, 0x00000000abc00000, 0x00000000ac130000)
 tenured generation   total 107228K, used 59335K [0x00000000c2a00000, 0x00000000c92b7000, 0x00000000f5a00000)
   the space 107228K,  55% used [0x00000000c2a00000, 0x00000000c63f1da0, 0x00000000c63f1e00, 0x00000000c92b7000)
 compacting perm gen  total 21248K, used 6975K [0x00000000f5a00000, 0x00000000f6ec0000, 0x0000000100000000)
   the space 21248K,  32% used [0x00000000f5a00000, 0x00000000f60cff98, 0x00000000f60d0000, 0x00000000f6ec0000)
No shared spaces configured.
}
Event: 3287.389 GC heap before
{Heap before GC invocations=73 (full 11):
 def new generation   total 48320K, used 48320K [0x00000000a9200000, 0x00000000ac660000, 0x00000000c2a00000)
  eden space 43008K, 100% used [0x00000000a9200000, 0x00000000abc00000, 0x00000000abc00000)
  from space 5312K, 100% used [0x00000000ac130000, 0x00000000ac660000, 0x00000000ac660000)
  to   space 5312K,   0% used [0x00000000abc00000, 0x00000000abc00000, 0x00000000ac130000)
 tenured generation   total 107228K, used 59335K [0x00000000c2a00000, 0x00000000c92b7000, 0x00000000f5a00000)
   the space 107228K,  55% used [0x00000000c2a00000, 0x00000000c63f1da0, 0x00000000c63f1e00, 0x00000000c92b7000)
 compacting perm gen  total 21248K, used 6975K [0x00000000f5a00000, 0x00000000f6ec0000, 0x0000000100000000)
   the space 21248K,  32% used [0x00000000f5a00000, 0x00000000f60cff98, 0x00000000f60d0000, 0x00000000f6ec0000)
No shared spaces configured.
Event: 3287.451 GC heap after
Heap after GC invocations=74 (full 11):
 def new generation   total 48320K, used 5312K [0x00000000a9200000, 0x00000000ac660000, 0x00000000c2a00000)
  eden space 43008K,   0% used [0x00000000a9200000, 0x00000000a9200000, 0x00000000abc00000)
  from space 5312K, 100% used [0x00000000abc00000, 0x00000000ac130000, 0x00000000ac130000)
  to   space 5312K,   0% used [0x00000000ac130000, 0x00000000ac130000, 0x00000000ac660000)
 tenured generation   total 107228K, used 69769K [0x00000000c2a00000, 0x00000000c92b7000, 0x00000000f5a00000)
   the space 107228K,  65% used [0x00000000c2a00000, 0x00000000c6e22448, 0x00000000c6e22600, 0x00000000c92b7000)
 compacting perm gen  total 21248K, used 6975K [0x00000000f5a00000, 0x00000000f6ec0000, 0x0000000100000000)
   the space 21248K,  32% used [0x00000000f5a00000, 0x00000000f60cff98, 0x00000000f60d0000, 0x00000000f6ec0000)
No shared spaces configured.
}
Event: 3340.809 GC heap before
{Heap before GC invocations=74 (full 11):
 def new generation   total 48320K, used 48320K [0x00000000a9200000, 0x00000000ac660000, 0x00000000c2a00000)
  eden space 43008K, 100% used [0x00000000a9200000, 0x00000000abc00000, 0x00000000abc00000)
  from space 5312K, 100% used [0x00000000abc00000, 0x00000000ac130000, 0x00000000ac130000)
  to   space 5312K,   0% used [0x00000000ac130000, 0x00000000ac130000, 0x00000000ac660000)
 tenured generation   total 107228K, used 69769K [0x00000000c2a00000, 0x00000000c92b7000, 0x00000000f5a00000)
   the space 107228K,  65% used [0x00000000c2a00000, 0x00000000c6e22448, 0x00000000c6e22600, 0x00000000c92b7000)
 compacting perm gen  total 21248K, used 6975K [0x00000000f5a00000, 0x00000000f6ec0000, 0x0000000100000000)
   the space 21248K,  32% used [0x00000000f5a00000, 0x00000000f60cff98, 0x00000000f60d0000, 0x00000000f6ec0000)
No shared spaces configured.
Event: 3340.874 GC heap after
Heap after GC invocations=75 (full 11):
 def new generation   total 48320K, used 5312K [0x00000000a9200000, 0x00000000ac660000, 0x00000000c2a00000)
  eden space 43008K,   0% used [0x00000000a9200000, 0x00000000a9200000, 0x00000000abc00000)
  from space 5312K, 100% used [0x00000000ac130000, 0x00000000ac660000, 0x00000000ac660000)
  to   space 5312K,   0% used [0x00000000abc00000, 0x00000000abc00000, 0x00000000ac130000)
 tenured generation   total 107228K, used 80209K [0x00000000c2a00000, 0x00000000c92b7000, 0x00000000f5a00000)
   the space 107228K,  74% used [0x00000000c2a00000, 0x00000000c7854748, 0x00000000c7854800, 0x00000000c92b7000)
 compacting perm gen  total 21248K, used 6975K [0x00000000f5a00000, 0x00000000f6ec0000, 0x0000000100000000)
   the space 21248K,  32% used [0x00000000f5a00000, 0x00000000f60cff98, 0x00000000f60d0000, 0x00000000f6ec0000)
No shared spaces configured.
}
Event: 3395.199 GC heap before
{Heap before GC invocations=75 (full 11):
 def new generation   total 48320K, used 48320K [0x00000000a9200000, 0x00000000ac660000, 0x00000000c2a00000)
  eden space 43008K, 100% used [0x00000000a9200000, 0x00000000abc00000, 0x00000000abc00000)
  from space 5312K, 100% used [0x00000000ac130000, 0x00000000ac660000, 0x00000000ac660000)
  to   space 5312K,   0% used [0x00000000abc00000, 0x00000000abc00000, 0x00000000ac130000)
 tenured generation   total 107228K, used 80209K [0x00000000c2a00000, 0x00000000c92b7000, 0x00000000f5a00000)
   the space 107228K,  74% used [0x00000000c2a00000, 0x00000000c7854748, 0x00000000c7854800, 0x00000000c92b7000)
 compacting perm gen  total 21248K, used 6976K [0x00000000f5a00000, 0x00000000f6ec0000, 0x0000000100000000)
   the space 21248K,  32% used [0x00000000f5a00000, 0x00000000f60d02c0, 0x00000000f60d0400, 0x00000000f6ec0000)
No shared spaces configured.
Event: 3395.253 GC heap after
Heap after GC invocations=76 (full 11):
 def new generation   total 48320K, used 5311K [0x00000000a9200000, 0x00000000ac660000, 0x00000000c2a00000)
  eden space 43008K,   0% used [0x00000000a9200000, 0x00000000a9200000, 0x00000000abc00000)
  from space 5312K,  99% used [0x00000000abc00000, 0x00000000ac12fff8, 0x00000000ac130000)
  to   space 5312K,   0% used [0x00000000ac130000, 0x00000000ac130000, 0x00000000ac660000)
 tenured generation   total 107228K, used 90602K [0x00000000c2a00000, 0x00000000c92b7000, 0x00000000f5a00000)
   the space 107228K,  84% used [0x00000000c2a00000, 0x00000000c827a810, 0x00000000c827aa00, 0x00000000c92b7000)
 compacting perm gen  total 21248K, used 6976K [0x00000000f5a00000, 0x00000000f6ec0000, 0x0000000100000000)
   the space 21248K,  32% used [0x00000000f5a00000, 0x00000000f60d02c0, 0x00000000f60d0400, 0x00000000f6ec0000)
No shared spaces configured.
}
Event: 3445.891 GC heap before
{Heap before GC invocations=76 (full 11):
 def new generation   total 48320K, used 48319K [0x00000000a9200000, 0x00000000ac660000, 0x00000000c2a00000)
  eden space 43008K, 100% used [0x00000000a9200000, 0x00000000abc00000, 0x00000000abc00000)
  from space 5312K,  99% used [0x00000000abc00000, 0x00000000ac12fff8, 0x00000000ac130000)
  to   space 5312K,   0% used [0x00000000ac130000, 0x00000000ac130000, 0x00000000ac660000)
 tenured generation   total 107228K, used 90602K [0x00000000c2a00000, 0x00000000c92b7000, 0x00000000f5a00000)
   the space 107228K,  84% used [0x00000000c2a00000, 0x00000000c827a810, 0x00000000c827aa00, 0x00000000c92b7000)
 compacting perm gen  total 21248K, used 6976K [0x00000000f5a00000, 0x00000000f6ec0000, 0x0000000100000000)
   the space 21248K,  32% used [0x00000000f5a00000, 0x00000000f60d02c0, 0x00000000f60d0400, 0x00000000f6ec0000)
No shared spaces configured.
Event: 3445.945 GC heap after
Heap after GC invocations=77 (full 11):
 def new generation   total 48320K, used 5312K [0x00000000a9200000, 0x00000000ac660000, 0x00000000c2a00000)
  eden space 43008K,   0% used [0x00000000a9200000, 0x00000000a9200000, 0x00000000abc00000)
  from space 5312K, 100% used [0x00000000ac130000, 0x00000000ac660000, 0x00000000ac660000)
  to   space 5312K,   0% used [0x00000000abc00000, 0x00000000abc00000, 0x00000000ac130000)
 tenured generation   total 107228K, used 100878K [0x00000000c2a00000, 0x00000000c92b7000, 0x00000000f5a00000)
   the space 107228K,  94% used [0x00000000c2a00000, 0x00000000c8c83aa8, 0x00000000c8c83c00, 0x00000000c92b7000)
 compacting perm gen  total 21248K, used 6976K [0x00000000f5a00000, 0x00000000f6ec0000, 0x0000000100000000)
   the space 21248K,  32% used [0x00000000f5a00000, 0x00000000f60d02c0, 0x00000000f60d0400, 0x00000000f6ec0000)
No shared spaces configured.
}

