# JRE version: OpenJDK Runtime Environment (7.0_65-b32) (build 1.7.0_65-b32)
# Java VM: OpenJDK 64-Bit Server VM (24.65-b04 mixed mode linux-amd64 compressed oops)
Heap
 def new generation   total 16768K, used 2154K [0x00000000bf200000, 0x00000000c0430000, 0x00000000d14a0000)
  eden space 14912K,   2% used [0x00000000bf200000, 0x00000000bf24aa00, 0x00000000c0090000)
  from space 1856K,  99% used [0x00000000c0090000, 0x00000000c025fff8, 0x00000000c0260000)
  to   space 1856K,   0% used [0x00000000c0260000, 0x00000000c0260000, 0x00000000c0430000)
 tenured generation   total 37184K, used 16582K [0x00000000d14a0000, 0x00000000d38f0000, 0x00000000f5a00000)
   the space 37184K,  44% used [0x00000000d14a0000, 0x00000000d24d1be8, 0x00000000d24d1c00, 0x00000000d38f0000)
 compacting perm gen  total 21248K, used 6546K [0x00000000f5a00000, 0x00000000f6ec0000, 0x0000000100000000)
   the space 21248K,  30% used [0x00000000f5a00000, 0x00000000f6064950, 0x00000000f6064a00, 0x00000000f6ec0000)
GC Heap History (10 events):
Event: 386.438 GC heap before
{Heap before GC invocations=29 (full 2):
 def new generation   total 16768K, used 16768K [0x00000000bf200000, 0x00000000c0430000, 0x00000000d14a0000)
  eden space 14912K, 100% used [0x00000000bf200000, 0x00000000c0090000, 0x00000000c0090000)
  from space 1856K, 100% used [0x00000000c0260000, 0x00000000c0430000, 0x00000000c0430000)
  to   space 1856K,   0% used [0x00000000c0090000, 0x00000000c0090000, 0x00000000c0260000)
 tenured generation   total 37184K, used 32290K [0x00000000d14a0000, 0x00000000d38f0000, 0x00000000f5a00000)
   the space 37184K,  86% used [0x00000000d14a0000, 0x00000000d34288a0, 0x00000000d3428a00, 0x00000000d38f0000)
 compacting perm gen  total 21248K, used 6541K [0x00000000f5a00000, 0x00000000f6ec0000, 0x0000000100000000)
   the space 21248K,  30% used [0x00000000f5a00000, 0x00000000f60635c0, 0x00000000f6063600, 0x00000000f6ec0000)
No shared spaces configured.
Event: 386.459 GC heap after
Heap after GC invocations=30 (full 2):
 def new generation   total 16768K, used 1856K [0x00000000bf200000, 0x00000000c0430000, 0x00000000d14a0000)
  eden space 14912K,   0% used [0x00000000bf200000, 0x00000000bf200000, 0x00000000c0090000)
  from space 1856K, 100% used [0x00000000c0090000, 0x00000000c0260000, 0x00000000c0260000)
  to   space 1856K,   0% used [0x00000000c0260000, 0x00000000c0260000, 0x00000000c0430000)
 tenured generation   total 37184K, used 35408K [0x00000000d14a0000, 0x00000000d38f0000, 0x00000000f5a00000)
   the space 37184K,  95% used [0x00000000d14a0000, 0x00000000d37341a8, 0x00000000d3734200, 0x00000000d38f0000)
 compacting perm gen  total 21248K, used 6541K [0x00000000f5a00000, 0x00000000f6ec0000, 0x0000000100000000)
   the space 21248K,  30% used [0x00000000f5a00000, 0x00000000f60635c0, 0x00000000f6063600, 0x00000000f6ec0000)
No shared spaces configured.
}
Event: 399.550 GC heap before
{Heap before GC invocations=30 (full 2):
 def new generation   total 16768K, used 16768K [0x00000000bf200000, 0x00000000c0430000, 0x00000000d14a0000)
  eden space 14912K, 100% used [0x00000000bf200000, 0x00000000c0090000, 0x00000000c0090000)
  from space 1856K, 100% used [0x00000000c0090000, 0x00000000c0260000, 0x00000000c0260000)
  to   space 1856K,   0% used [0x00000000c0260000, 0x00000000c0260000, 0x00000000c0430000)
 tenured generation   total 37184K, used 35408K [0x00000000d14a0000, 0x00000000d38f0000, 0x00000000f5a00000)
   the space 37184K,  95% used [0x00000000d14a0000, 0x00000000d37341a8, 0x00000000d3734200, 0x00000000d38f0000)
 compacting perm gen  total 21248K, used 6541K [0x00000000f5a00000, 0x00000000f6ec0000, 0x0000000100000000)
   the space 21248K,  30% used [0x00000000f5a00000, 0x00000000f6063730, 0x00000000f6063800, 0x00000000f6ec0000)
No shared spaces configured.
Event: 399.628 GC heap after
Heap after GC invocations=31 (full 3):
 def new generation   total 16768K, used 0K [0x00000000bf200000, 0x00000000c0430000, 0x00000000d14a0000)
  eden space 14912K,   0% used [0x00000000bf200000, 0x00000000bf200000, 0x00000000c0090000)
  from space 1856K,   0% used [0x00000000c0260000, 0x00000000c0260000, 0x00000000c0430000)
  to   space 1856K,   0% used [0x00000000c0090000, 0x00000000c0090000, 0x00000000c0260000)
 tenured generation   total 37184K, used 7352K [0x00000000d14a0000, 0x00000000d38f0000, 0x00000000f5a00000)
   the space 37184K,  19% used [0x00000000d14a0000, 0x00000000d1bce1a8, 0x00000000d1bce200, 0x00000000d38f0000)
 compacting perm gen  total 21248K, used 6541K [0x00000000f5a00000, 0x00000000f6ec0000, 0x0000000100000000)
   the space 21248K,  30% used [0x00000000f5a00000, 0x00000000f6063730, 0x00000000f6063800, 0x00000000f6ec0000)
No shared spaces configured.
}
Event: 411.752 GC heap before
{Heap before GC invocations=31 (full 3):
 def new generation   total 16768K, used 14912K [0x00000000bf200000, 0x00000000c0430000, 0x00000000d14a0000)
  eden space 14912K, 100% used [0x00000000bf200000, 0x00000000c0090000, 0x00000000c0090000)
  from space 1856K,   0% used [0x00000000c0260000, 0x00000000c0260000, 0x00000000c0430000)
  to   space 1856K,   0% used [0x00000000c0090000, 0x00000000c0090000, 0x00000000c0260000)
 tenured generation   total 37184K, used 7352K [0x00000000d14a0000, 0x00000000d38f0000, 0x00000000f5a00000)
   the space 37184K,  19% used [0x00000000d14a0000, 0x00000000d1bce1a8, 0x00000000d1bce200, 0x00000000d38f0000)
 compacting perm gen  total 21248K, used 6545K [0x00000000f5a00000, 0x00000000f6ec0000, 0x0000000100000000)
   the space 21248K,  30% used [0x00000000f5a00000, 0x00000000f6064418, 0x00000000f6064600, 0x00000000f6ec0000)
No shared spaces configured.
Event: 411.772 GC heap after
Heap after GC invocations=32 (full 3):
 def new generation   total 16768K, used 1856K [0x00000000bf200000, 0x00000000c0430000, 0x00000000d14a0000)
  eden space 14912K,   0% used [0x00000000bf200000, 0x00000000bf200000, 0x00000000c0090000)
  from space 1856K, 100% used [0x00000000c0090000, 0x00000000c0260000, 0x00000000c0260000)
  to   space 1856K,   0% used [0x00000000c0260000, 0x00000000c0260000, 0x00000000c0430000)
 tenured generation   total 37184K, used 10301K [0x00000000d14a0000, 0x00000000d38f0000, 0x00000000f5a00000)
   the space 37184K,  27% used [0x00000000d14a0000, 0x00000000d1eaf790, 0x00000000d1eaf800, 0x00000000d38f0000)
 compacting perm gen  total 21248K, used 6545K [0x00000000f5a00000, 0x00000000f6ec0000, 0x0000000100000000)
   the space 21248K,  30% used [0x00000000f5a00000, 0x00000000f6064418, 0x00000000f6064600, 0x00000000f6ec0000)
No shared spaces configured.
}
Event: 425.657 GC heap before
{Heap before GC invocations=32 (full 3):
 def new generation   total 16768K, used 16768K [0x00000000bf200000, 0x00000000c0430000, 0x00000000d14a0000)
  eden space 14912K, 100% used [0x00000000bf200000, 0x00000000c0090000, 0x00000000c0090000)
  from space 1856K, 100% used [0x00000000c0090000, 0x00000000c0260000, 0x00000000c0260000)
  to   space 1856K,   0% used [0x00000000c0260000, 0x00000000c0260000, 0x00000000c0430000)
 tenured generation   total 37184K, used 10301K [0x00000000d14a0000, 0x00000000d38f0000, 0x00000000f5a00000)
   the space 37184K,  27% used [0x00000000d14a0000, 0x00000000d1eaf790, 0x00000000d1eaf800, 0x00000000d38f0000)
 compacting perm gen  total 21248K, used 6545K [0x00000000f5a00000, 0x00000000f6ec0000, 0x0000000100000000)
   the space 21248K,  30% used [0x00000000f5a00000, 0x00000000f60645c8, 0x00000000f6064600, 0x00000000f6ec0000)
No shared spaces configured.
Event: 425.677 GC heap after
Heap after GC invocations=33 (full 3):
 def new generation   total 16768K, used 1856K [0x00000000bf200000, 0x00000000c0430000, 0x00000000d14a0000)
  eden space 14912K,   0% used [0x00000000bf200000, 0x00000000bf200000, 0x00000000c0090000)
  from space 1856K, 100% used [0x00000000c0260000, 0x00000000c0430000, 0x00000000c0430000)
  to   space 1856K,   0% used [0x00000000c0090000, 0x00000000c0090000, 0x00000000c0260000)
 tenured generation   total 37184K, used 13442K [0x00000000d14a0000, 0x00000000d38f0000, 0x00000000f5a00000)
   the space 37184K,  36% used [0x00000000d14a0000, 0x00000000d21c0ba0, 0x00000000d21c0c00, 0x00000000d38f0000)
 compacting perm gen  total 21248K, used 6545K [0x00000000f5a00000, 0x00000000f6ec0000, 0x0000000100000000)
   the space 21248K,  30% used [0x00000000f5a00000, 0x00000000f60645c8, 0x00000000f6064600, 0x00000000f6ec0000)
No shared spaces configured.
}
Event: 438.920 GC heap before
{Heap before GC invocations=33 (full 3):
 def new generation   total 16768K, used 16768K [0x00000000bf200000, 0x00000000c0430000, 0x00000000d14a0000)
  eden space 14912K, 100% used [0x00000000bf200000, 0x00000000c0090000, 0x00000000c0090000)
  from space 1856K, 100% used [0x00000000c0260000, 0x00000000c0430000, 0x00000000c0430000)
  to   space 1856K,   0% used [0x00000000c0090000, 0x00000000c0090000, 0x00000000c0260000)
 tenured generation   total 37184K, used 13442K [0x00000000d14a0000, 0x00000000d38f0000, 0x00000000f5a00000)
   the space 37184K,  36% used [0x00000000d14a0000, 0x00000000d21c0ba0, 0x00000000d21c0c00, 0x00000000d38f0000)
 compacting perm gen  total 21248K, used 6546K [0x00000000f5a00000, 0x00000000f6ec0000, 0x0000000100000000)
   the space 21248K,  30% used [0x00000000f5a00000, 0x00000000f6064950, 0x00000000f6064a00, 0x00000000f6ec0000)
No shared spaces configured.
Event: 438.929 GC heap after
Heap after GC invocations=34 (full 3):
 def new generation   total 16768K, used 1855K [0x00000000bf200000, 0x00000000c0430000, 0x00000000d14a0000)
  eden space 14912K,   0% used [0x00000000bf200000, 0x00000000bf200000, 0x00000000c0090000)
  from space 1856K,  99% used [0x00000000c0090000, 0x00000000c025fff8, 0x00000000c0260000)
  to   space 1856K,   0% used [0x00000000c0260000, 0x00000000c0260000, 0x00000000c0430000)
 tenured generation   total 37184K, used 16582K [0x00000000d14a0000, 0x00000000d38f0000, 0x00000000f5a00000)
   the space 37184K,  44% used [0x00000000d14a0000, 0x00000000d24d1be8, 0x00000000d24d1c00, 0x00000000d38f0000)
 compacting perm gen  total 21248K, used 6546K [0x00000000f5a00000, 0x00000000f6ec0000, 0x0000000100000000)
   the space 21248K,  30% used [0x00000000f5a00000, 0x00000000f6064950, 0x00000000f6064a00, 0x00000000f6ec0000)
No shared spaces configured.
}

