# JRE version: OpenJDK Runtime Environment (7.0_65-b32) (build 1.7.0_65-b32)
# Java VM: OpenJDK 64-Bit Server VM (24.65-b04 mixed mode linux-amd64 compressed oops)
Heap
 def new generation   total 23552K, used 2969K [0x00000000a9200000, 0x00000000aab80000, 0x00000000c2a00000)
  eden space 20992K,   1% used [0x00000000a9200000, 0x00000000a9266790, 0x00000000aa680000)
  from space 2560K, 100% used [0x00000000aa680000, 0x00000000aa900000, 0x00000000aa900000)
  to   space 2560K,   0% used [0x00000000aa900000, 0x00000000aa900000, 0x00000000aab80000)
 tenured generation   total 52224K, used 5896K [0x00000000c2a00000, 0x00000000c5d00000, 0x00000000f5a00000)
   the space 52224K,  11% used [0x00000000c2a00000, 0x00000000c2fc2050, 0x00000000c2fc2200, 0x00000000c5d00000)
 compacting perm gen  total 21248K, used 6278K [0x00000000f5a00000, 0x00000000f6ec0000, 0x0000000100000000)
   the space 21248K,  29% used [0x00000000f5a00000, 0x00000000f6021910, 0x00000000f6021a00, 0x00000000f6ec0000)
GC Heap History (4 events):
Event: 9.631 GC heap before
{Heap before GC invocations=0 (full 0):
 def new generation   total 23552K, used 20992K [0x00000000a9200000, 0x00000000aab80000, 0x00000000c2a00000)
  eden space 20992K, 100% used [0x00000000a9200000, 0x00000000aa680000, 0x00000000aa680000)
  from space 2560K,   0% used [0x00000000aa680000, 0x00000000aa680000, 0x00000000aa900000)
  to   space 2560K,   0% used [0x00000000aa900000, 0x00000000aa900000, 0x00000000aab80000)
 tenured generation   total 52224K, used 0K [0x00000000c2a00000, 0x00000000c5d00000, 0x00000000f5a00000)
   the space 52224K,   0% used [0x00000000c2a00000, 0x00000000c2a00000, 0x00000000c2a00200, 0x00000000c5d00000)
 compacting perm gen  total 21248K, used 6225K [0x00000000f5a00000, 0x00000000f6ec0000, 0x0000000100000000)
   the space 21248K,  29% used [0x00000000f5a00000, 0x00000000f6014668, 0x00000000f6014800, 0x00000000f6ec0000)
No shared spaces configured.
Event: 9.663 GC heap after
Heap after GC invocations=1 (full 0):
 def new generation   total 23552K, used 2560K [0x00000000a9200000, 0x00000000aab80000, 0x00000000c2a00000)
  eden space 20992K,   0% used [0x00000000a9200000, 0x00000000a9200000, 0x00000000aa680000)
  from space 2560K, 100% used [0x00000000aa900000, 0x00000000aab80000, 0x00000000aab80000)
  to   space 2560K,   0% used [0x00000000aa680000, 0x00000000aa680000, 0x00000000aa900000)
 tenured generation   total 52224K, used 2286K [0x00000000c2a00000, 0x00000000c5d00000, 0x00000000f5a00000)
   the space 52224K,   4% used [0x00000000c2a00000, 0x00000000c2c3bae8, 0x00000000c2c3bc00, 0x00000000c5d00000)
 compacting perm gen  total 21248K, used 6225K [0x00000000f5a00000, 0x00000000f6ec0000, 0x0000000100000000)
   the space 21248K,  29% used [0x00000000f5a00000, 0x00000000f6014668, 0x00000000f6014800, 0x00000000f6ec0000)
No shared spaces configured.
}
Event: 106.956 GC heap before
{Heap before GC invocations=1 (full 0):
 def new generation   total 23552K, used 23552K [0x00000000a9200000, 0x00000000aab80000, 0x00000000c2a00000)
  eden space 20992K, 100% used [0x00000000a9200000, 0x00000000aa680000, 0x00000000aa680000)
  from space 2560K, 100% used [0x00000000aa900000, 0x00000000aab80000, 0x00000000aab80000)
  to   space 2560K,   0% used [0x00000000aa680000, 0x00000000aa680000, 0x00000000aa900000)
 tenured generation   total 52224K, used 2286K [0x00000000c2a00000, 0x00000000c5d00000, 0x00000000f5a00000)
   the space 52224K,   4% used [0x00000000c2a00000, 0x00000000c2c3bae8, 0x00000000c2c3bc00, 0x00000000c5d00000)
 compacting perm gen  total 21248K, used 6278K [0x00000000f5a00000, 0x00000000f6ec0000, 0x0000000100000000)
   the space 21248K,  29% used [0x00000000f5a00000, 0x00000000f6021910, 0x00000000f6021a00, 0x00000000f6ec0000)
No shared spaces configured.
Event: 106.976 GC heap after
Heap after GC invocations=2 (full 0):
 def new generation   total 23552K, used 2560K [0x00000000a9200000, 0x00000000aab80000, 0x00000000c2a00000)
  eden space 20992K,   0% used [0x00000000a9200000, 0x00000000a9200000, 0x00000000aa680000)
  from space 2560K, 100% used [0x00000000aa680000, 0x00000000aa900000, 0x00000000aa900000)
  to   space 2560K,   0% used [0x00000000aa900000, 0x00000000aa900000, 0x00000000aab80000)
 tenured generation   total 52224K, used 5896K [0x00000000c2a00000, 0x00000000c5d00000, 0x00000000f5a00000)
   the space 52224K,  11% used [0x00000000c2a00000, 0x00000000c2fc2050, 0x00000000c2fc2200, 0x00000000c5d00000)
 compacting perm gen  total 21248K, used 6278K [0x00000000f5a00000, 0x00000000f6ec0000, 0x0000000100000000)
   the space 21248K,  29% used [0x00000000f5a00000, 0x00000000f6021910, 0x00000000f6021a00, 0x00000000f6ec0000)
No shared spaces configured.
}

