# JRE version: OpenJDK Runtime Environment (7.0_65-b32) (build 1.7.0_65-b32)
# Java VM: OpenJDK 64-Bit Server VM (24.65-b04 mixed mode linux-amd64 compressed oops)
Heap
 def new generation   total 38400K, used 4912K [0x00000000bf200000, 0x00000000c1ba0000, 0x00000000d14a0000)
  eden space 34176K,   2% used [0x00000000bf200000, 0x00000000bf2ac138, 0x00000000c1360000)
  from space 4224K, 100% used [0x00000000c1360000, 0x00000000c1780000, 0x00000000c1780000)
  to   space 4224K,   0% used [0x00000000c1780000, 0x00000000c1780000, 0x00000000c1ba0000)
 tenured generation   total 85220K, used 50767K [0x00000000d14a0000, 0x00000000d67d9000, 0x00000000f5a00000)
   the space 85220K,  59% used [0x00000000d14a0000, 0x00000000d4633f08, 0x00000000d4634000, 0x00000000d67d9000)
 compacting perm gen  total 21248K, used 6921K [0x00000000f5a00000, 0x00000000f6ec0000, 0x0000000100000000)
   the space 21248K,  32% used [0x00000000f5a00000, 0x00000000f60c26f8, 0x00000000f60c2800, 0x00000000f6ec0000)
GC Heap History (10 events):
Event: 2486.946 GC heap before
{Heap before GC invocations=61 (full 10):
 def new generation   total 38400K, used 38400K [0x00000000bf200000, 0x00000000c1ba0000, 0x00000000d14a0000)
  eden space 34176K, 100% used [0x00000000bf200000, 0x00000000c1360000, 0x00000000c1360000)
  from space 4224K, 100% used [0x00000000c1780000, 0x00000000c1ba0000, 0x00000000c1ba0000)
  to   space 4224K,   0% used [0x00000000c1360000, 0x00000000c1360000, 0x00000000c1780000)
 tenured generation   total 85220K, used 60823K [0x00000000d14a0000, 0x00000000d67d9000, 0x00000000f5a00000)
   the space 85220K,  71% used [0x00000000d14a0000, 0x00000000d5005c38, 0x00000000d5005e00, 0x00000000d67d9000)
 compacting perm gen  total 21248K, used 6909K [0x00000000f5a00000, 0x00000000f6ec0000, 0x0000000100000000)
   the space 21248K,  32% used [0x00000000f5a00000, 0x00000000f60bf638, 0x00000000f60bf800, 0x00000000f6ec0000)
No shared spaces configured.
Event: 2486.994 GC heap after
Heap after GC invocations=62 (full 10):
 def new generation   total 38400K, used 4224K [0x00000000bf200000, 0x00000000c1ba0000, 0x00000000d14a0000)
  eden space 34176K,   0% used [0x00000000bf200000, 0x00000000bf200000, 0x00000000c1360000)
  from space 4224K, 100% used [0x00000000c1360000, 0x00000000c1780000, 0x00000000c1780000)
  to   space 4224K,   0% used [0x00000000c1780000, 0x00000000c1780000, 0x00000000c1ba0000)
 tenured generation   total 85220K, used 69713K [0x00000000d14a0000, 0x00000000d67d9000, 0x00000000f5a00000)
   the space 85220K,  81% used [0x00000000d14a0000, 0x00000000d58b4420, 0x00000000d58b4600, 0x00000000d67d9000)
 compacting perm gen  total 21248K, used 6909K [0x00000000f5a00000, 0x00000000f6ec0000, 0x0000000100000000)
   the space 21248K,  32% used [0x00000000f5a00000, 0x00000000f60bf638, 0x00000000f60bf800, 0x00000000f6ec0000)
No shared spaces configured.
}
Event: 2518.231 GC heap before
{Heap before GC invocations=62 (full 10):
 def new generation   total 38400K, used 38400K [0x00000000bf200000, 0x00000000c1ba0000, 0x00000000d14a0000)
  eden space 34176K, 100% used [0x00000000bf200000, 0x00000000c1360000, 0x00000000c1360000)
  from space 4224K, 100% used [0x00000000c1360000, 0x00000000c1780000, 0x00000000c1780000)
  to   space 4224K,   0% used [0x00000000c1780000, 0x00000000c1780000, 0x00000000c1ba0000)
 tenured generation   total 85220K, used 69713K [0x00000000d14a0000, 0x00000000d67d9000, 0x00000000f5a00000)
   the space 85220K,  81% used [0x00000000d14a0000, 0x00000000d58b4420, 0x00000000d58b4600, 0x00000000d67d9000)
 compacting perm gen  total 21248K, used 6909K [0x00000000f5a00000, 0x00000000f6ec0000, 0x0000000100000000)
   the space 21248K,  32% used [0x00000000f5a00000, 0x00000000f60bf738, 0x00000000f60bf800, 0x00000000f6ec0000)
No shared spaces configured.
Event: 2518.298 GC heap after
Heap after GC invocations=63 (full 10):
 def new generation   total 38400K, used 4223K [0x00000000bf200000, 0x00000000c1ba0000, 0x00000000d14a0000)
  eden space 34176K,   0% used [0x00000000bf200000, 0x00000000bf200000, 0x00000000c1360000)
  from space 4224K,  99% used [0x00000000c1780000, 0x00000000c1b9fff8, 0x00000000c1ba0000)
  to   space 4224K,   0% used [0x00000000c1360000, 0x00000000c1360000, 0x00000000c1780000)
 tenured generation   total 85220K, used 78357K [0x00000000d14a0000, 0x00000000d67d9000, 0x00000000f5a00000)
   the space 85220K,  91% used [0x00000000d14a0000, 0x00000000d6125768, 0x00000000d6125800, 0x00000000d67d9000)
 compacting perm gen  total 21248K, used 6909K [0x00000000f5a00000, 0x00000000f6ec0000, 0x0000000100000000)
   the space 21248K,  32% used [0x00000000f5a00000, 0x00000000f60bf738, 0x00000000f60bf800, 0x00000000f6ec0000)
No shared spaces configured.
}
Event: 2547.177 GC heap before
{Heap before GC invocations=63 (full 10):
 def new generation   total 38400K, used 38399K [0x00000000bf200000, 0x00000000c1ba0000, 0x00000000d14a0000)
  eden space 34176K, 100% used [0x00000000bf200000, 0x00000000c1360000, 0x00000000c1360000)
  from space 4224K,  99% used [0x00000000c1780000, 0x00000000c1b9fff8, 0x00000000c1ba0000)
  to   space 4224K,   0% used [0x00000000c1360000, 0x00000000c1360000, 0x00000000c1780000)
 tenured generation   total 85220K, used 78357K [0x00000000d14a0000, 0x00000000d67d9000, 0x00000000f5a00000)
   the space 85220K,  91% used [0x00000000d14a0000, 0x00000000d6125768, 0x00000000d6125800, 0x00000000d67d9000)
 compacting perm gen  total 21248K, used 6920K [0x00000000f5a00000, 0x00000000f6ec0000, 0x0000000100000000)
   the space 21248K,  32% used [0x00000000f5a00000, 0x00000000f60c21c0, 0x00000000f60c2200, 0x00000000f6ec0000)
No shared spaces configured.
Event: 2547.392 GC heap after
Heap after GC invocations=64 (full 11):
 def new generation   total 38400K, used 0K [0x00000000bf200000, 0x00000000c1ba0000, 0x00000000d14a0000)
  eden space 34176K,   0% used [0x00000000bf200000, 0x00000000bf200000, 0x00000000c1360000)
  from space 4224K,   0% used [0x00000000c1360000, 0x00000000c1360000, 0x00000000c1780000)
  to   space 4224K,   0% used [0x00000000c1780000, 0x00000000c1780000, 0x00000000c1ba0000)
 tenured generation   total 85220K, used 33300K [0x00000000d14a0000, 0x00000000d67d9000, 0x00000000f5a00000)
   the space 85220K,  39% used [0x00000000d14a0000, 0x00000000d35252f0, 0x00000000d3525400, 0x00000000d67d9000)
 compacting perm gen  total 21248K, used 6920K [0x00000000f5a00000, 0x00000000f6ec0000, 0x0000000100000000)
   the space 21248K,  32% used [0x00000000f5a00000, 0x00000000f60c21c0, 0x00000000f60c2200, 0x00000000f6ec0000)
No shared spaces configured.
}
Event: 2575.466 GC heap before
{Heap before GC invocations=64 (full 11):
 def new generation   total 38400K, used 34176K [0x00000000bf200000, 0x00000000c1ba0000, 0x00000000d14a0000)
  eden space 34176K, 100% used [0x00000000bf200000, 0x00000000c1360000, 0x00000000c1360000)
  from space 4224K,   0% used [0x00000000c1360000, 0x00000000c1360000, 0x00000000c1780000)
  to   space 4224K,   0% used [0x00000000c1780000, 0x00000000c1780000, 0x00000000c1ba0000)
 tenured generation   total 85220K, used 33300K [0x00000000d14a0000, 0x00000000d67d9000, 0x00000000f5a00000)
   the space 85220K,  39% used [0x00000000d14a0000, 0x00000000d35252f0, 0x00000000d3525400, 0x00000000d67d9000)
 compacting perm gen  total 21248K, used 6921K [0x00000000f5a00000, 0x00000000f6ec0000, 0x0000000100000000)
   the space 21248K,  32% used [0x00000000f5a00000, 0x00000000f60c26f8, 0x00000000f60c2800, 0x00000000f6ec0000)
No shared spaces configured.
Event: 2575.499 GC heap after
Heap after GC invocations=65 (full 11):
 def new generation   total 38400K, used 4224K [0x00000000bf200000, 0x00000000c1ba0000, 0x00000000d14a0000)
  eden space 34176K,   0% used [0x00000000bf200000, 0x00000000bf200000, 0x00000000c1360000)
  from space 4224K, 100% used [0x00000000c1780000, 0x00000000c1ba0000, 0x00000000c1ba0000)
  to   space 4224K,   0% used [0x00000000c1360000, 0x00000000c1360000, 0x00000000c1780000)
 tenured generation   total 85220K, used 42166K [0x00000000d14a0000, 0x00000000d67d9000, 0x00000000f5a00000)
   the space 85220K,  49% used [0x00000000d14a0000, 0x00000000d3dcdbb0, 0x00000000d3dcdc00, 0x00000000d67d9000)
 compacting perm gen  total 21248K, used 6921K [0x00000000f5a00000, 0x00000000f6ec0000, 0x0000000100000000)
   the space 21248K,  32% used [0x00000000f5a00000, 0x00000000f60c26f8, 0x00000000f60c2800, 0x00000000f6ec0000)
No shared spaces configured.
}
Event: 2604.969 GC heap before
{Heap before GC invocations=65 (full 11):
 def new generation   total 38400K, used 38400K [0x00000000bf200000, 0x00000000c1ba0000, 0x00000000d14a0000)
  eden space 34176K, 100% used [0x00000000bf200000, 0x00000000c1360000, 0x00000000c1360000)
  from space 4224K, 100% used [0x00000000c1780000, 0x00000000c1ba0000, 0x00000000c1ba0000)
  to   space 4224K,   0% used [0x00000000c1360000, 0x00000000c1360000, 0x00000000c1780000)
 tenured generation   total 85220K, used 42166K [0x00000000d14a0000, 0x00000000d67d9000, 0x00000000f5a00000)
   the space 85220K,  49% used [0x00000000d14a0000, 0x00000000d3dcdbb0, 0x00000000d3dcdc00, 0x00000000d67d9000)
 compacting perm gen  total 21248K, used 6921K [0x00000000f5a00000, 0x00000000f6ec0000, 0x0000000100000000)
   the space 21248K,  32% used [0x00000000f5a00000, 0x00000000f60c26f8, 0x00000000f60c2800, 0x00000000f6ec0000)
No shared spaces configured.
Event: 2605.003 GC heap after
Heap after GC invocations=66 (full 11):
 def new generation   total 38400K, used 4224K [0x00000000bf200000, 0x00000000c1ba0000, 0x00000000d14a0000)
  eden space 34176K,   0% used [0x00000000bf200000, 0x00000000bf200000, 0x00000000c1360000)
  from space 4224K, 100% used [0x00000000c1360000, 0x00000000c1780000, 0x00000000c1780000)
  to   space 4224K,   0% used [0x00000000c1780000, 0x00000000c1780000, 0x00000000c1ba0000)
 tenured generation   total 85220K, used 50767K [0x00000000d14a0000, 0x00000000d67d9000, 0x00000000f5a00000)
   the space 85220K,  59% used [0x00000000d14a0000, 0x00000000d4633f08, 0x00000000d4634000, 0x00000000d67d9000)
 compacting perm gen  total 21248K, used 6921K [0x00000000f5a00000, 0x00000000f6ec0000, 0x0000000100000000)
   the space 21248K,  32% used [0x00000000f5a00000, 0x00000000f60c26f8, 0x00000000f60c2800, 0x00000000f6ec0000)
No shared spaces configured.
}

