# JRE version: OpenJDK Runtime Environment (7.0_65-b32) (build 1.7.0_65-b32)
# Java VM: OpenJDK 64-Bit Server VM (24.65-b04 mixed mode linux-amd64 compressed oops)
Heap
 def new generation   total 40640K, used 5208K [0x00000000bf200000, 0x00000000c1e10000, 0x00000000d14a0000)
  eden space 36160K,   2% used [0x00000000bf200000, 0x00000000bf2b6160, 0x00000000c1550000)
  from space 4480K, 100% used [0x00000000c1550000, 0x00000000c19b0000, 0x00000000c19b0000)
  to   space 4480K,   0% used [0x00000000c19b0000, 0x00000000c19b0000, 0x00000000c1e10000)
 tenured generation   total 90104K, used 89843K [0x00000000d14a0000, 0x00000000d6c9e000, 0x00000000f5a00000)
   the space 90104K,  99% used [0x00000000d14a0000, 0x00000000d6c5cfb8, 0x00000000d6c5d000, 0x00000000d6c9e000)
 compacting perm gen  total 21248K, used 6973K [0x00000000f5a00000, 0x00000000f6ec0000, 0x0000000100000000)
   the space 21248K,  32% used [0x00000000f5a00000, 0x00000000f60cf4f8, 0x00000000f60cf600, 0x00000000f6ec0000)
GC Heap History (10 events):
Event: 8545.268 GC heap before
{Heap before GC invocations=85 (full 14):
 def new generation   total 40640K, used 40640K [0x00000000bf200000, 0x00000000c1e10000, 0x00000000d14a0000)
  eden space 36160K, 100% used [0x00000000bf200000, 0x00000000c1550000, 0x00000000c1550000)
  from space 4480K, 100% used [0x00000000c19b0000, 0x00000000c1e10000, 0x00000000c1e10000)
  to   space 4480K,   0% used [0x00000000c1550000, 0x00000000c1550000, 0x00000000c19b0000)
 tenured generation   total 90104K, used 43060K [0x00000000d14a0000, 0x00000000d6c9e000, 0x00000000f5a00000)
   the space 90104K,  47% used [0x00000000d14a0000, 0x00000000d3ead318, 0x00000000d3ead400, 0x00000000d6c9e000)
 compacting perm gen  total 21248K, used 6962K [0x00000000f5a00000, 0x00000000f6ec0000, 0x0000000100000000)
   the space 21248K,  32% used [0x00000000f5a00000, 0x00000000f60cc838, 0x00000000f60cca00, 0x00000000f6ec0000)
No shared spaces configured.
Event: 8545.324 GC heap after
Heap after GC invocations=86 (full 14):
 def new generation   total 40640K, used 4480K [0x00000000bf200000, 0x00000000c1e10000, 0x00000000d14a0000)
  eden space 36160K,   0% used [0x00000000bf200000, 0x00000000bf200000, 0x00000000c1550000)
  from space 4480K, 100% used [0x00000000c1550000, 0x00000000c19b0000, 0x00000000c19b0000)
  to   space 4480K,   0% used [0x00000000c19b0000, 0x00000000c19b0000, 0x00000000c1e10000)
 tenured generation   total 90104K, used 52803K [0x00000000d14a0000, 0x00000000d6c9e000, 0x00000000f5a00000)
   the space 90104K,  58% used [0x00000000d14a0000, 0x00000000d4830e48, 0x00000000d4831000, 0x00000000d6c9e000)
 compacting perm gen  total 21248K, used 6962K [0x00000000f5a00000, 0x00000000f6ec0000, 0x0000000100000000)
   the space 21248K,  32% used [0x00000000f5a00000, 0x00000000f60cc838, 0x00000000f60cca00, 0x00000000f6ec0000)
No shared spaces configured.
}
Event: 8576.093 GC heap before
{Heap before GC invocations=86 (full 14):
 def new generation   total 40640K, used 40640K [0x00000000bf200000, 0x00000000c1e10000, 0x00000000d14a0000)
  eden space 36160K, 100% used [0x00000000bf200000, 0x00000000c1550000, 0x00000000c1550000)
  from space 4480K, 100% used [0x00000000c1550000, 0x00000000c19b0000, 0x00000000c19b0000)
  to   space 4480K,   0% used [0x00000000c19b0000, 0x00000000c19b0000, 0x00000000c1e10000)
 tenured generation   total 90104K, used 52803K [0x00000000d14a0000, 0x00000000d6c9e000, 0x00000000f5a00000)
   the space 90104K,  58% used [0x00000000d14a0000, 0x00000000d4830e48, 0x00000000d4831000, 0x00000000d6c9e000)
 compacting perm gen  total 21248K, used 6966K [0x00000000f5a00000, 0x00000000f6ec0000, 0x0000000100000000)
   the space 21248K,  32% used [0x00000000f5a00000, 0x00000000f60cdb58, 0x00000000f60cdc00, 0x00000000f6ec0000)
No shared spaces configured.
Event: 8576.132 GC heap after
Heap after GC invocations=87 (full 14):
 def new generation   total 40640K, used 4480K [0x00000000bf200000, 0x00000000c1e10000, 0x00000000d14a0000)
  eden space 36160K,   0% used [0x00000000bf200000, 0x00000000bf200000, 0x00000000c1550000)
  from space 4480K, 100% used [0x00000000c19b0000, 0x00000000c1e10000, 0x00000000c1e10000)
  to   space 4480K,   0% used [0x00000000c1550000, 0x00000000c1550000, 0x00000000c19b0000)
 tenured generation   total 90104K, used 62167K [0x00000000d14a0000, 0x00000000d6c9e000, 0x00000000f5a00000)
   the space 90104K,  68% used [0x00000000d14a0000, 0x00000000d5155d30, 0x00000000d5155e00, 0x00000000d6c9e000)
 compacting perm gen  total 21248K, used 6966K [0x00000000f5a00000, 0x00000000f6ec0000, 0x0000000100000000)
   the space 21248K,  32% used [0x00000000f5a00000, 0x00000000f60cdb58, 0x00000000f60cdc00, 0x00000000f6ec0000)
No shared spaces configured.
}
Event: 8608.849 GC heap before
{Heap before GC invocations=87 (full 14):
 def new generation   total 40640K, used 40640K [0x00000000bf200000, 0x00000000c1e10000, 0x00000000d14a0000)
  eden space 36160K, 100% used [0x00000000bf200000, 0x00000000c1550000, 0x00000000c1550000)
  from space 4480K, 100% used [0x00000000c19b0000, 0x00000000c1e10000, 0x00000000c1e10000)
  to   space 4480K,   0% used [0x00000000c1550000, 0x00000000c1550000, 0x00000000c19b0000)
 tenured generation   total 90104K, used 62167K [0x00000000d14a0000, 0x00000000d6c9e000, 0x00000000f5a00000)
   the space 90104K,  68% used [0x00000000d14a0000, 0x00000000d5155d30, 0x00000000d5155e00, 0x00000000d6c9e000)
 compacting perm gen  total 21248K, used 6973K [0x00000000f5a00000, 0x00000000f6ec0000, 0x0000000100000000)
   the space 21248K,  32% used [0x00000000f5a00000, 0x00000000f60cf4f8, 0x00000000f60cf600, 0x00000000f6ec0000)
No shared spaces configured.
Event: 8608.906 GC heap after
Heap after GC invocations=88 (full 14):
 def new generation   total 40640K, used 4480K [0x00000000bf200000, 0x00000000c1e10000, 0x00000000d14a0000)
  eden space 36160K,   0% used [0x00000000bf200000, 0x00000000bf200000, 0x00000000c1550000)
  from space 4480K, 100% used [0x00000000c1550000, 0x00000000c19b0000, 0x00000000c19b0000)
  to   space 4480K,   0% used [0x00000000c19b0000, 0x00000000c19b0000, 0x00000000c1e10000)
 tenured generation   total 90104K, used 71585K [0x00000000d14a0000, 0x00000000d6c9e000, 0x00000000f5a00000)
   the space 90104K,  79% used [0x00000000d14a0000, 0x00000000d5a88558, 0x00000000d5a88600, 0x00000000d6c9e000)
 compacting perm gen  total 21248K, used 6973K [0x00000000f5a00000, 0x00000000f6ec0000, 0x0000000100000000)
   the space 21248K,  32% used [0x00000000f5a00000, 0x00000000f60cf4f8, 0x00000000f60cf600, 0x00000000f6ec0000)
No shared spaces configured.
}
Event: 8641.437 GC heap before
{Heap before GC invocations=88 (full 14):
 def new generation   total 40640K, used 40640K [0x00000000bf200000, 0x00000000c1e10000, 0x00000000d14a0000)
  eden space 36160K, 100% used [0x00000000bf200000, 0x00000000c1550000, 0x00000000c1550000)
  from space 4480K, 100% used [0x00000000c1550000, 0x00000000c19b0000, 0x00000000c19b0000)
  to   space 4480K,   0% used [0x00000000c19b0000, 0x00000000c19b0000, 0x00000000c1e10000)
 tenured generation   total 90104K, used 71585K [0x00000000d14a0000, 0x00000000d6c9e000, 0x00000000f5a00000)
   the space 90104K,  79% used [0x00000000d14a0000, 0x00000000d5a88558, 0x00000000d5a88600, 0x00000000d6c9e000)
 compacting perm gen  total 21248K, used 6973K [0x00000000f5a00000, 0x00000000f6ec0000, 0x0000000100000000)
   the space 21248K,  32% used [0x00000000f5a00000, 0x00000000f60cf4f8, 0x00000000f60cf600, 0x00000000f6ec0000)
No shared spaces configured.
Event: 8641.480 GC heap after
Heap after GC invocations=89 (full 14):
 def new generation   total 40640K, used 4480K [0x00000000bf200000, 0x00000000c1e10000, 0x00000000d14a0000)
  eden space 36160K,   0% used [0x00000000bf200000, 0x00000000bf200000, 0x00000000c1550000)
  from space 4480K, 100% used [0x00000000c19b0000, 0x00000000c1e10000, 0x00000000c1e10000)
  to   space 4480K,   0% used [0x00000000c1550000, 0x00000000c1550000, 0x00000000c19b0000)
 tenured generation   total 90104K, used 80792K [0x00000000d14a0000, 0x00000000d6c9e000, 0x00000000f5a00000)
   the space 90104K,  89% used [0x00000000d14a0000, 0x00000000d63862e0, 0x00000000d6386400, 0x00000000d6c9e000)
 compacting perm gen  total 21248K, used 6973K [0x00000000f5a00000, 0x00000000f6ec0000, 0x0000000100000000)
   the space 21248K,  32% used [0x00000000f5a00000, 0x00000000f60cf4f8, 0x00000000f60cf600, 0x00000000f6ec0000)
No shared spaces configured.
}
Event: 8675.123 GC heap before
{Heap before GC invocations=89 (full 14):
 def new generation   total 40640K, used 40640K [0x00000000bf200000, 0x00000000c1e10000, 0x00000000d14a0000)
  eden space 36160K, 100% used [0x00000000bf200000, 0x00000000c1550000, 0x00000000c1550000)
  from space 4480K, 100% used [0x00000000c19b0000, 0x00000000c1e10000, 0x00000000c1e10000)
  to   space 4480K,   0% used [0x00000000c1550000, 0x00000000c1550000, 0x00000000c19b0000)
 tenured generation   total 90104K, used 80792K [0x00000000d14a0000, 0x00000000d6c9e000, 0x00000000f5a00000)
   the space 90104K,  89% used [0x00000000d14a0000, 0x00000000d63862e0, 0x00000000d6386400, 0x00000000d6c9e000)
 compacting perm gen  total 21248K, used 6973K [0x00000000f5a00000, 0x00000000f6ec0000, 0x0000000100000000)
   the space 21248K,  32% used [0x00000000f5a00000, 0x00000000f60cf4f8, 0x00000000f60cf600, 0x00000000f6ec0000)
No shared spaces configured.
Event: 8675.174 GC heap after
Heap after GC invocations=90 (full 14):
 def new generation   total 40640K, used 4480K [0x00000000bf200000, 0x00000000c1e10000, 0x00000000d14a0000)
  eden space 36160K,   0% used [0x00000000bf200000, 0x00000000bf200000, 0x00000000c1550000)
  from space 4480K, 100% used [0x00000000c1550000, 0x00000000c19b0000, 0x00000000c19b0000)
  to   space 4480K,   0% used [0x00000000c19b0000, 0x00000000c19b0000, 0x00000000c1e10000)
 tenured generation   total 90104K, used 89843K [0x00000000d14a0000, 0x00000000d6c9e000, 0x00000000f5a00000)
   the space 90104K,  99% used [0x00000000d14a0000, 0x00000000d6c5cfb8, 0x00000000d6c5d000, 0x00000000d6c9e000)
 compacting perm gen  total 21248K, used 6973K [0x00000000f5a00000, 0x00000000f6ec0000, 0x0000000100000000)
   the space 21248K,  32% used [0x00000000f5a00000, 0x00000000f60cf4f8, 0x00000000f60cf600, 0x00000000f6ec0000)
No shared spaces configured.
}

