# JRE version: OpenJDK Runtime Environment (7.0_65-b32) (build 1.7.0_65-b32)
# Java VM: OpenJDK 64-Bit Server VM (24.65-b04 mixed mode linux-amd64 compressed oops)
Heap
 def new generation   total 16768K, used 2154K [0x00000000bf200000, 0x00000000c0430000, 0x00000000d14a0000)
  eden space 14912K,   2% used [0x00000000bf200000, 0x00000000bf24a9f8, 0x00000000c0090000)
  from space 1856K, 100% used [0x00000000c0090000, 0x00000000c0260000, 0x00000000c0260000)
  to   space 1856K,   0% used [0x00000000c0260000, 0x00000000c0260000, 0x00000000c0430000)
 tenured generation   total 37184K, used 35635K [0x00000000d14a0000, 0x00000000d38f0000, 0x00000000f5a00000)
   the space 37184K,  95% used [0x00000000d14a0000, 0x00000000d376cf48, 0x00000000d376d000, 0x00000000d38f0000)
 compacting perm gen  total 21248K, used 6598K [0x00000000f5a00000, 0x00000000f6ec0000, 0x0000000100000000)
   the space 21248K,  31% used [0x00000000f5a00000, 0x00000000f60719d0, 0x00000000f6071a00, 0x00000000f6ec0000)
GC Heap History (10 events):
Event: 1102.544 GC heap before
{Heap before GC invocations=85 (full 8):
 def new generation   total 16768K, used 16768K [0x00000000bf200000, 0x00000000c0430000, 0x00000000d14a0000)
  eden space 14912K, 100% used [0x00000000bf200000, 0x00000000c0090000, 0x00000000c0090000)
  from space 1856K, 100% used [0x00000000c0260000, 0x00000000c0430000, 0x00000000c0430000)
  to   space 1856K,   0% used [0x00000000c0090000, 0x00000000c0090000, 0x00000000c0260000)
 tenured generation   total 37184K, used 19874K [0x00000000d14a0000, 0x00000000d38f0000, 0x00000000f5a00000)
   the space 37184K,  53% used [0x00000000d14a0000, 0x00000000d28089d0, 0x00000000d2808a00, 0x00000000d38f0000)
 compacting perm gen  total 21248K, used 6598K [0x00000000f5a00000, 0x00000000f6ec0000, 0x0000000100000000)
   the space 21248K,  31% used [0x00000000f5a00000, 0x00000000f60719d0, 0x00000000f6071a00, 0x00000000f6ec0000)
No shared spaces configured.
Event: 1102.570 GC heap after
Heap after GC invocations=86 (full 8):
 def new generation   total 16768K, used 1856K [0x00000000bf200000, 0x00000000c0430000, 0x00000000d14a0000)
  eden space 14912K,   0% used [0x00000000bf200000, 0x00000000bf200000, 0x00000000c0090000)
  from space 1856K, 100% used [0x00000000c0090000, 0x00000000c0260000, 0x00000000c0260000)
  to   space 1856K,   0% used [0x00000000c0260000, 0x00000000c0260000, 0x00000000c0430000)
 tenured generation   total 37184K, used 23010K [0x00000000d14a0000, 0x00000000d38f0000, 0x00000000f5a00000)
   the space 37184K,  61% used [0x00000000d14a0000, 0x00000000d2b18bd8, 0x00000000d2b18c00, 0x00000000d38f0000)
 compacting perm gen  total 21248K, used 6598K [0x00000000f5a00000, 0x00000000f6ec0000, 0x0000000100000000)
   the space 21248K,  31% used [0x00000000f5a00000, 0x00000000f60719d0, 0x00000000f6071a00, 0x00000000f6ec0000)
No shared spaces configured.
}
Event: 1114.849 GC heap before
{Heap before GC invocations=86 (full 8):
 def new generation   total 16768K, used 16768K [0x00000000bf200000, 0x00000000c0430000, 0x00000000d14a0000)
  eden space 14912K, 100% used [0x00000000bf200000, 0x00000000c0090000, 0x00000000c0090000)
  from space 1856K, 100% used [0x00000000c0090000, 0x00000000c0260000, 0x00000000c0260000)
  to   space 1856K,   0% used [0x00000000c0260000, 0x00000000c0260000, 0x00000000c0430000)
 tenured generation   total 37184K, used 23010K [0x00000000d14a0000, 0x00000000d38f0000, 0x00000000f5a00000)
   the space 37184K,  61% used [0x00000000d14a0000, 0x00000000d2b18bd8, 0x00000000d2b18c00, 0x00000000d38f0000)
 compacting perm gen  total 21248K, used 6598K [0x00000000f5a00000, 0x00000000f6ec0000, 0x0000000100000000)
   the space 21248K,  31% used [0x00000000f5a00000, 0x00000000f60719d0, 0x00000000f6071a00, 0x00000000f6ec0000)
No shared spaces configured.
Event: 1114.858 GC heap after
Heap after GC invocations=87 (full 8):
 def new generation   total 16768K, used 1856K [0x00000000bf200000, 0x00000000c0430000, 0x00000000d14a0000)
  eden space 14912K,   0% used [0x00000000bf200000, 0x00000000bf200000, 0x00000000c0090000)
  from space 1856K, 100% used [0x00000000c0260000, 0x00000000c0430000, 0x00000000c0430000)
  to   space 1856K,   0% used [0x00000000c0090000, 0x00000000c0090000, 0x00000000c0260000)
 tenured generation   total 37184K, used 26195K [0x00000000d14a0000, 0x00000000d38f0000, 0x00000000f5a00000)
   the space 37184K,  70% used [0x00000000d14a0000, 0x00000000d2e34ed8, 0x00000000d2e35000, 0x00000000d38f0000)
 compacting perm gen  total 21248K, used 6598K [0x00000000f5a00000, 0x00000000f6ec0000, 0x0000000100000000)
   the space 21248K,  31% used [0x00000000f5a00000, 0x00000000f60719d0, 0x00000000f6071a00, 0x00000000f6ec0000)
No shared spaces configured.
}
Event: 1128.145 GC heap before
{Heap before GC invocations=87 (full 8):
 def new generation   total 16768K, used 16768K [0x00000000bf200000, 0x00000000c0430000, 0x00000000d14a0000)
  eden space 14912K, 100% used [0x00000000bf200000, 0x00000000c0090000, 0x00000000c0090000)
  from space 1856K, 100% used [0x00000000c0260000, 0x00000000c0430000, 0x00000000c0430000)
  to   space 1856K,   0% used [0x00000000c0090000, 0x00000000c0090000, 0x00000000c0260000)
 tenured generation   total 37184K, used 26195K [0x00000000d14a0000, 0x00000000d38f0000, 0x00000000f5a00000)
   the space 37184K,  70% used [0x00000000d14a0000, 0x00000000d2e34ed8, 0x00000000d2e35000, 0x00000000d38f0000)
 compacting perm gen  total 21248K, used 6598K [0x00000000f5a00000, 0x00000000f6ec0000, 0x0000000100000000)
   the space 21248K,  31% used [0x00000000f5a00000, 0x00000000f60719d0, 0x00000000f6071a00, 0x00000000f6ec0000)
No shared spaces configured.
Event: 1128.161 GC heap after
Heap after GC invocations=88 (full 8):
 def new generation   total 16768K, used 1856K [0x00000000bf200000, 0x00000000c0430000, 0x00000000d14a0000)
  eden space 14912K,   0% used [0x00000000bf200000, 0x00000000bf200000, 0x00000000c0090000)
  from space 1856K, 100% used [0x00000000c0090000, 0x00000000c0260000, 0x00000000c0260000)
  to   space 1856K,   0% used [0x00000000c0260000, 0x00000000c0260000, 0x00000000c0430000)
 tenured generation   total 37184K, used 29361K [0x00000000d14a0000, 0x00000000d38f0000, 0x00000000f5a00000)
   the space 37184K,  78% used [0x00000000d14a0000, 0x00000000d314c488, 0x00000000d314c600, 0x00000000d38f0000)
 compacting perm gen  total 21248K, used 6598K [0x00000000f5a00000, 0x00000000f6ec0000, 0x0000000100000000)
   the space 21248K,  31% used [0x00000000f5a00000, 0x00000000f60719d0, 0x00000000f6071a00, 0x00000000f6ec0000)
No shared spaces configured.
}
Event: 1141.203 GC heap before
{Heap before GC invocations=88 (full 8):
 def new generation   total 16768K, used 16768K [0x00000000bf200000, 0x00000000c0430000, 0x00000000d14a0000)
  eden space 14912K, 100% used [0x00000000bf200000, 0x00000000c0090000, 0x00000000c0090000)
  from space 1856K, 100% used [0x00000000c0090000, 0x00000000c0260000, 0x00000000c0260000)
  to   space 1856K,   0% used [0x00000000c0260000, 0x00000000c0260000, 0x00000000c0430000)
 tenured generation   total 37184K, used 29361K [0x00000000d14a0000, 0x00000000d38f0000, 0x00000000f5a00000)
   the space 37184K,  78% used [0x00000000d14a0000, 0x00000000d314c488, 0x00000000d314c600, 0x00000000d38f0000)
 compacting perm gen  total 21248K, used 6598K [0x00000000f5a00000, 0x00000000f6ec0000, 0x0000000100000000)
   the space 21248K,  31% used [0x00000000f5a00000, 0x00000000f60719d0, 0x00000000f6071a00, 0x00000000f6ec0000)
No shared spaces configured.
Event: 1141.222 GC heap after
Heap after GC invocations=89 (full 8):
 def new generation   total 16768K, used 1856K [0x00000000bf200000, 0x00000000c0430000, 0x00000000d14a0000)
  eden space 14912K,   0% used [0x00000000bf200000, 0x00000000bf200000, 0x00000000c0090000)
  from space 1856K, 100% used [0x00000000c0260000, 0x00000000c0430000, 0x00000000c0430000)
  to   space 1856K,   0% used [0x00000000c0090000, 0x00000000c0090000, 0x00000000c0260000)
 tenured generation   total 37184K, used 32502K [0x00000000d14a0000, 0x00000000d38f0000, 0x00000000f5a00000)
   the space 37184K,  87% used [0x00000000d14a0000, 0x00000000d345d8f0, 0x00000000d345da00, 0x00000000d38f0000)
 compacting perm gen  total 21248K, used 6598K [0x00000000f5a00000, 0x00000000f6ec0000, 0x0000000100000000)
   the space 21248K,  31% used [0x00000000f5a00000, 0x00000000f60719d0, 0x00000000f6071a00, 0x00000000f6ec0000)
No shared spaces configured.
}
Event: 1153.506 GC heap before
{Heap before GC invocations=89 (full 8):
 def new generation   total 16768K, used 16768K [0x00000000bf200000, 0x00000000c0430000, 0x00000000d14a0000)
  eden space 14912K, 100% used [0x00000000bf200000, 0x00000000c0090000, 0x00000000c0090000)
  from space 1856K, 100% used [0x00000000c0260000, 0x00000000c0430000, 0x00000000c0430000)
  to   space 1856K,   0% used [0x00000000c0090000, 0x00000000c0090000, 0x00000000c0260000)
 tenured generation   total 37184K, used 32502K [0x00000000d14a0000, 0x00000000d38f0000, 0x00000000f5a00000)
   the space 37184K,  87% used [0x00000000d14a0000, 0x00000000d345d8f0, 0x00000000d345da00, 0x00000000d38f0000)
 compacting perm gen  total 21248K, used 6598K [0x00000000f5a00000, 0x00000000f6ec0000, 0x0000000100000000)
   the space 21248K,  31% used [0x00000000f5a00000, 0x00000000f60719d0, 0x00000000f6071a00, 0x00000000f6ec0000)
No shared spaces configured.
Event: 1153.516 GC heap after
Heap after GC invocations=90 (full 8):
 def new generation   total 16768K, used 1856K [0x00000000bf200000, 0x00000000c0430000, 0x00000000d14a0000)
  eden space 14912K,   0% used [0x00000000bf200000, 0x00000000bf200000, 0x00000000c0090000)
  from space 1856K, 100% used [0x00000000c0090000, 0x00000000c0260000, 0x00000000c0260000)
  to   space 1856K,   0% used [0x00000000c0260000, 0x00000000c0260000, 0x00000000c0430000)
 tenured generation   total 37184K, used 35635K [0x00000000d14a0000, 0x00000000d38f0000, 0x00000000f5a00000)
   the space 37184K,  95% used [0x00000000d14a0000, 0x00000000d376cf48, 0x00000000d376d000, 0x00000000d38f0000)
 compacting perm gen  total 21248K, used 6598K [0x00000000f5a00000, 0x00000000f6ec0000, 0x0000000100000000)
   the space 21248K,  31% used [0x00000000f5a00000, 0x00000000f60719d0, 0x00000000f6071a00, 0x00000000f6ec0000)
No shared spaces configured.
}

