# JRE version: OpenJDK Runtime Environment (7.0_65-b32) (build 1.7.0_65-b32)
# Java VM: OpenJDK 64-Bit Server VM (24.65-b04 mixed mode linux-amd64 compressed oops)
Heap
 def new generation   total 48384K, used 863K [0x00000000a9200000, 0x00000000ac680000, 0x00000000c2a00000)
  eden space 43008K,   2% used [0x00000000a9200000, 0x00000000a92d7d30, 0x00000000abc00000)
  from space 5376K,   0% used [0x00000000ac140000, 0x00000000ac140000, 0x00000000ac680000)
  to   space 5376K,   0% used [0x00000000abc00000, 0x00000000abc00000, 0x00000000ac140000)
 tenured generation   total 107392K, used 37735K [0x00000000c2a00000, 0x00000000c92e0000, 0x00000000f5a00000)
   the space 107392K,  35% used [0x00000000c2a00000, 0x00000000c4ed9f38, 0x00000000c4eda000, 0x00000000c92e0000)
 compacting perm gen  total 21248K, used 6976K [0x00000000f5a00000, 0x00000000f6ec0000, 0x0000000100000000)
   the space 21248K,  32% used [0x00000000f5a00000, 0x00000000f60d0348, 0x00000000f60d0400, 0x00000000f6ec0000)
GC Heap History (10 events):
Event: 5857.978 GC heap before
{Heap before GC invocations=74 (full 11):
 def new generation   total 48384K, used 48384K [0x00000000a9200000, 0x00000000ac680000, 0x00000000c2a00000)
  eden space 43008K, 100% used [0x00000000a9200000, 0x00000000abc00000, 0x00000000abc00000)
  from space 5376K, 100% used [0x00000000abc00000, 0x00000000ac140000, 0x00000000ac140000)
  to   space 5376K,   0% used [0x00000000ac140000, 0x00000000ac140000, 0x00000000ac680000)
 tenured generation   total 107392K, used 59024K [0x00000000c2a00000, 0x00000000c92e0000, 0x00000000f5a00000)
   the space 107392K,  54% used [0x00000000c2a00000, 0x00000000c63a4170, 0x00000000c63a4200, 0x00000000c92e0000)
 compacting perm gen  total 21248K, used 6976K [0x00000000f5a00000, 0x00000000f6ec0000, 0x0000000100000000)
   the space 21248K,  32% used [0x00000000f5a00000, 0x00000000f60d0158, 0x00000000f60d0200, 0x00000000f6ec0000)
No shared spaces configured.
Event: 5858.032 GC heap after
Heap after GC invocations=75 (full 11):
 def new generation   total 48384K, used 5376K [0x00000000a9200000, 0x00000000ac680000, 0x00000000c2a00000)
  eden space 43008K,   0% used [0x00000000a9200000, 0x00000000a9200000, 0x00000000abc00000)
  from space 5376K, 100% used [0x00000000ac140000, 0x00000000ac680000, 0x00000000ac680000)
  to   space 5376K,   0% used [0x00000000abc00000, 0x00000000abc00000, 0x00000000ac140000)
 tenured generation   total 107392K, used 69352K [0x00000000c2a00000, 0x00000000c92e0000, 0x00000000f5a00000)
   the space 107392K,  64% used [0x00000000c2a00000, 0x00000000c6dba200, 0x00000000c6dba200, 0x00000000c92e0000)
 compacting perm gen  total 21248K, used 6976K [0x00000000f5a00000, 0x00000000f6ec0000, 0x0000000100000000)
   the space 21248K,  32% used [0x00000000f5a00000, 0x00000000f60d0158, 0x00000000f60d0200, 0x00000000f6ec0000)
No shared spaces configured.
}
Event: 5905.029 GC heap before
{Heap before GC invocations=75 (full 11):
 def new generation   total 48384K, used 48384K [0x00000000a9200000, 0x00000000ac680000, 0x00000000c2a00000)
  eden space 43008K, 100% used [0x00000000a9200000, 0x00000000abc00000, 0x00000000abc00000)
  from space 5376K, 100% used [0x00000000ac140000, 0x00000000ac680000, 0x00000000ac680000)
  to   space 5376K,   0% used [0x00000000abc00000, 0x00000000abc00000, 0x00000000ac140000)
 tenured generation   total 107392K, used 69352K [0x00000000c2a00000, 0x00000000c92e0000, 0x00000000f5a00000)
   the space 107392K,  64% used [0x00000000c2a00000, 0x00000000c6dba200, 0x00000000c6dba200, 0x00000000c92e0000)
 compacting perm gen  total 21248K, used 6976K [0x00000000f5a00000, 0x00000000f6ec0000, 0x0000000100000000)
   the space 21248K,  32% used [0x00000000f5a00000, 0x00000000f60d0158, 0x00000000f60d0200, 0x00000000f6ec0000)
No shared spaces configured.
Event: 5905.077 GC heap after
Heap after GC invocations=76 (full 11):
 def new generation   total 48384K, used 5376K [0x00000000a9200000, 0x00000000ac680000, 0x00000000c2a00000)
  eden space 43008K,   0% used [0x00000000a9200000, 0x00000000a9200000, 0x00000000abc00000)
  from space 5376K, 100% used [0x00000000abc00000, 0x00000000ac140000, 0x00000000ac140000)
  to   space 5376K,   0% used [0x00000000ac140000, 0x00000000ac140000, 0x00000000ac680000)
 tenured generation   total 107392K, used 79630K [0x00000000c2a00000, 0x00000000c92e0000, 0x00000000f5a00000)
   the space 107392K,  74% used [0x00000000c2a00000, 0x00000000c77c3b60, 0x00000000c77c3c00, 0x00000000c92e0000)
 compacting perm gen  total 21248K, used 6976K [0x00000000f5a00000, 0x00000000f6ec0000, 0x0000000100000000)
   the space 21248K,  32% used [0x00000000f5a00000, 0x00000000f60d0158, 0x00000000f60d0200, 0x00000000f6ec0000)
No shared spaces configured.
}
Event: 5954.645 GC heap before
{Heap before GC invocations=76 (full 11):
 def new generation   total 48384K, used 48384K [0x00000000a9200000, 0x00000000ac680000, 0x00000000c2a00000)
  eden space 43008K, 100% used [0x00000000a9200000, 0x00000000abc00000, 0x00000000abc00000)
  from space 5376K, 100% used [0x00000000abc00000, 0x00000000ac140000, 0x00000000ac140000)
  to   space 5376K,   0% used [0x00000000ac140000, 0x00000000ac140000, 0x00000000ac680000)
 tenured generation   total 107392K, used 79630K [0x00000000c2a00000, 0x00000000c92e0000, 0x00000000f5a00000)
   the space 107392K,  74% used [0x00000000c2a00000, 0x00000000c77c3b60, 0x00000000c77c3c00, 0x00000000c92e0000)
 compacting perm gen  total 21248K, used 6976K [0x00000000f5a00000, 0x00000000f6ec0000, 0x0000000100000000)
   the space 21248K,  32% used [0x00000000f5a00000, 0x00000000f60d0368, 0x00000000f60d0400, 0x00000000f6ec0000)
No shared spaces configured.
Event: 5954.671 GC heap after
Heap after GC invocations=77 (full 11):
 def new generation   total 48384K, used 5375K [0x00000000a9200000, 0x00000000ac680000, 0x00000000c2a00000)
  eden space 43008K,   0% used [0x00000000a9200000, 0x00000000a9200000, 0x00000000abc00000)
  from space 5376K,  99% used [0x00000000ac140000, 0x00000000ac67fff8, 0x00000000ac680000)
  to   space 5376K,   0% used [0x00000000abc00000, 0x00000000abc00000, 0x00000000ac140000)
 tenured generation   total 107392K, used 89803K [0x00000000c2a00000, 0x00000000c92e0000, 0x00000000f5a00000)
   the space 107392K,  83% used [0x00000000c2a00000, 0x00000000c81b2d78, 0x00000000c81b2e00, 0x00000000c92e0000)
 compacting perm gen  total 21248K, used 6976K [0x00000000f5a00000, 0x00000000f6ec0000, 0x0000000100000000)
   the space 21248K,  32% used [0x00000000f5a00000, 0x00000000f60d0368, 0x00000000f60d0400, 0x00000000f6ec0000)
No shared spaces configured.
}
Event: 6010.042 GC heap before
{Heap before GC invocations=77 (full 11):
 def new generation   total 48384K, used 48383K [0x00000000a9200000, 0x00000000ac680000, 0x00000000c2a00000)
  eden space 43008K, 100% used [0x00000000a9200000, 0x00000000abc00000, 0x00000000abc00000)
  from space 5376K,  99% used [0x00000000ac140000, 0x00000000ac67fff8, 0x00000000ac680000)
  to   space 5376K,   0% used [0x00000000abc00000, 0x00000000abc00000, 0x00000000ac140000)
 tenured generation   total 107392K, used 89803K [0x00000000c2a00000, 0x00000000c92e0000, 0x00000000f5a00000)
   the space 107392K,  83% used [0x00000000c2a00000, 0x00000000c81b2d78, 0x00000000c81b2e00, 0x00000000c92e0000)
 compacting perm gen  total 21248K, used 6976K [0x00000000f5a00000, 0x00000000f6ec0000, 0x0000000100000000)
   the space 21248K,  32% used [0x00000000f5a00000, 0x00000000f60d0368, 0x00000000f60d0400, 0x00000000f6ec0000)
No shared spaces configured.
Event: 6010.089 GC heap after
Heap after GC invocations=78 (full 11):
 def new generation   total 48384K, used 5376K [0x00000000a9200000, 0x00000000ac680000, 0x00000000c2a00000)
  eden space 43008K,   0% used [0x00000000a9200000, 0x00000000a9200000, 0x00000000abc00000)
  from space 5376K, 100% used [0x00000000abc00000, 0x00000000ac140000, 0x00000000ac140000)
  to   space 5376K,   0% used [0x00000000ac140000, 0x00000000ac140000, 0x00000000ac680000)
 tenured generation   total 107392K, used 100512K [0x00000000c2a00000, 0x00000000c92e0000, 0x00000000f5a00000)
   the space 107392K,  93% used [0x00000000c2a00000, 0x00000000c8c28330, 0x00000000c8c28400, 0x00000000c92e0000)
 compacting perm gen  total 21248K, used 6976K [0x00000000f5a00000, 0x00000000f6ec0000, 0x0000000100000000)
   the space 21248K,  32% used [0x00000000f5a00000, 0x00000000f60d0368, 0x00000000f60d0400, 0x00000000f6ec0000)
No shared spaces configured.
}
Event: 6057.291 GC heap before
{Heap before GC invocations=78 (full 11):
 def new generation   total 48384K, used 48384K [0x00000000a9200000, 0x00000000ac680000, 0x00000000c2a00000)
  eden space 43008K, 100% used [0x00000000a9200000, 0x00000000abc00000, 0x00000000abc00000)
  from space 5376K, 100% used [0x00000000abc00000, 0x00000000ac140000, 0x00000000ac140000)
  to   space 5376K,   0% used [0x00000000ac140000, 0x00000000ac140000, 0x00000000ac680000)
 tenured generation   total 107392K, used 100512K [0x00000000c2a00000, 0x00000000c92e0000, 0x00000000f5a00000)
   the space 107392K,  93% used [0x00000000c2a00000, 0x00000000c8c28330, 0x00000000c8c28400, 0x00000000c92e0000)
 compacting perm gen  total 21248K, used 6976K [0x00000000f5a00000, 0x00000000f6ec0000, 0x0000000100000000)
   the space 21248K,  32% used [0x00000000f5a00000, 0x00000000f60d0368, 0x00000000f60d0400, 0x00000000f6ec0000)
No shared spaces configured.
Event: 6057.524 GC heap after
Heap after GC invocations=79 (full 12):
 def new generation   total 48384K, used 0K [0x00000000a9200000, 0x00000000ac680000, 0x00000000c2a00000)
  eden space 43008K,   0% used [0x00000000a9200000, 0x00000000a9200000, 0x00000000abc00000)
  from space 5376K,   0% used [0x00000000ac140000, 0x00000000ac140000, 0x00000000ac680000)
  to   space 5376K,   0% used [0x00000000abc00000, 0x00000000abc00000, 0x00000000ac140000)
 tenured generation   total 107392K, used 37735K [0x00000000c2a00000, 0x00000000c92e0000, 0x00000000f5a00000)
   the space 107392K,  35% used [0x00000000c2a00000, 0x00000000c4ed9f38, 0x00000000c4eda000, 0x00000000c92e0000)
 compacting perm gen  total 21248K, used 6976K [0x00000000f5a00000, 0x00000000f6ec0000, 0x0000000100000000)
   the space 21248K,  32% used [0x00000000f5a00000, 0x00000000f60d0348, 0x00000000f60d0400, 0x00000000f6ec0000)
No shared spaces configured.
}

